#
# A fatal error has been detected by the Java Runtime Environment:
#
#  EXCEPTION_ACCESS_VIOLATION (0xc0000005) at pc=0x00007ffa87c7b319, pid=13040, tid=29404
#
# JRE version: OpenJDK Runtime Environment Temurin-21.0.4+7 (21.0.4+7) (build 21.0.4+7-LTS)
# Java VM: OpenJDK 64-Bit Server VM Temurin-21.0.4+7 (21.0.4+7-LTS, mixed mode, sharing, tiered, compressed oops, compressed class ptrs, g1 gc, windows-amd64)
# Problematic frame:
# C  [awt.dll+0xdb319]
#
# No core dump will be written. Minidumps are not enabled by default on client versions of Windows
#
# If you would like to submit a bug report, please visit:
#   https://github.com/adoptium/adoptium-support/issues
# The crash happened outside the Java Virtual Machine in native code.
# See problematic frame for where to report the bug.
#

---------------  S U M M A R Y ------------

Command Line: -ea -agentlib:jdwp=transport=dt_shmem,address=javadebug -Dfile.encoding=UTF-8 bluej.runtime.ExecServer UTF-8

Host: AMD Ryzen 7 3700X 8-Core Processor             , 16 cores, 31G,  Windows 11 , 64 bit Build 26100 (10.0.26100.4768)
Time: Sat Aug 30 20:48:41 2025 ora legale Europa occidentale elapsed time: 75413.833103 seconds (0d 20h 56m 53s)

---------------  T H R E A D  ---------------

Current thread (0x0000020447aabd20):  JavaThread "AWT-EventQueue-0"        [_thread_in_native, id=29404, stack(0x000000a134600000,0x000000a134700000) (1024K)]

Stack: [0x000000a134600000,0x000000a134700000],  sp=0x000000a1346feb10,  free space=1018k
Native frames: (J=compiled Java code, j=interpreted, Vv=VM code, C=native code)
C  [awt.dll+0xdb319]

Java frames: (J=compiled Java code, j=interpreted, Vv=VM code)
j  sun.awt.Win32GraphicsConfig.getBounds(I)Ljava/awt/Rectangle;+0 java.desktop@21.0.4
j  sun.awt.Win32GraphicsConfig.getBounds()Ljava/awt/Rectangle;+8 java.desktop@21.0.4
j  sun.awt.Win32GraphicsDevice.displayChanged()V+23 java.desktop@21.0.4
j  sun.awt.Win32GraphicsEnvironment.displayChanged()V+271 java.desktop@21.0.4
j  sun.awt.windows.WToolkit.lambda$displayChanged$4()V+15 java.desktop@21.0.4
j  sun.awt.windows.WToolkit$$Lambda+0x0000020449071698.run()V+0 java.desktop@21.0.4
j  java.awt.event.InvocationEvent.dispatch()V+47 java.desktop@21.0.4
j  java.awt.EventQueue.dispatchEventImpl(Ljava/awt/AWTEvent;Ljava/lang/Object;)V+21 java.desktop@21.0.4
j  java.awt.EventQueue$4.run()Ljava/lang/Void;+32 java.desktop@21.0.4
j  java.awt.EventQueue$4.run()Ljava/lang/Object;+1 java.desktop@21.0.4
j  java.security.AccessController.executePrivileged(Ljava/security/PrivilegedAction;Ljava/security/AccessControlContext;Ljava/lang/Class;)Ljava/lang/Object;+29 java.base@21.0.4
j  java.security.AccessController.doPrivileged(Ljava/security/PrivilegedAction;Ljava/security/AccessControlContext;)Ljava/lang/Object;+13 java.base@21.0.4
j  java.security.ProtectionDomain$JavaSecurityAccessImpl.doIntersectionPrivilege(Ljava/security/PrivilegedAction;Ljava/security/AccessControlContext;Ljava/security/AccessControlContext;)Ljava/lang/Object;+18 java.base@21.0.4
j  java.awt.EventQueue.dispatchEvent(Ljava/awt/AWTEvent;)V+46 java.desktop@21.0.4
j  java.awt.EventDispatchThread.pumpOneEventForFilters(I)V+81 java.desktop@21.0.4
j  java.awt.EventDispatchThread.pumpEventsForFilter(ILjava/awt/Conditional;Ljava/awt/EventFilter;)V+35 java.desktop@21.0.4
j  java.awt.EventDispatchThread.pumpEventsForHierarchy(ILjava/awt/Conditional;Ljava/awt/Component;)V+11 java.desktop@21.0.4
j  java.awt.EventDispatchThread.pumpEvents(ILjava/awt/Conditional;)V+4 java.desktop@21.0.4
j  java.awt.EventDispatchThread.pumpEvents(Ljava/awt/Conditional;)V+3 java.desktop@21.0.4
j  java.awt.EventDispatchThread.run()V+9 java.desktop@21.0.4
v  ~StubRoutines::call_stub 0x000002043243100d

siginfo: EXCEPTION_ACCESS_VIOLATION (0xc0000005), reading address 0x0000000000000028


Registers:
RAX=0x0000000000000000, RBX=0x000002048d101be0, RCX=0x0000000000000000, RDX=0x0000000000000000
RSP=0x000000a1346feb10, RBP=0x0000000000000000, RSI=0x0000000000000000, RDI=0x0000000000000000
R8 =0x0000000000000001, R9 =0x000000a134396000, R10=0x000002048d101ba0, R11=0x0000020489276bd0
R12=0x0000000000000000, R13=0x0000020447b69478, R14=0x0000020447accf60, R15=0x0000000000000000
RIP=0x00007ffa87c7b319, EFLAGS=0x0000000000010246


Register to memory mapping:

RAX=0x0 is null
RBX=0x000002048d101be0 points into unknown readable memory: 0x0000020447a090b0 | b0 90 a0 47 04 02 00 00
RCX=0x0 is null
RDX=0x0 is null
RSP=0x000000a1346feb10 is pointing into the stack for thread: 0x0000020447aabd20
RBP=0x0 is null
RSI=0x0 is null
RDI=0x0 is null
R8 =0x0000000000000001 is an unknown value
R9 =0x000000a134396000 points into unknown readable memory: 0x0000000000000000 | 00 00 00 00 00 00 00 00
R10=0x000002048d101ba0 points into unknown readable memory: 0x0000001e00000003 | 03 00 00 00 1e 00 00 00
R11={method} {0x0000020489276bd8} '<init>' '(IIII)V' in 'java/awt/Rectangle'
R12=0x0 is null
R13=0x0000020447b69478 points into unknown readable memory: 0x0000020489276bd0 | d0 6b 27 89 04 02 00 00
R14=0x0000020447accf60 points into unknown readable memory: 0x0000000620004d90 | 90 4d 00 20 06 00 00 00
R15=0x0 is null

Top of Stack: (sp=0x000000a1346feb10)
0x000000a1346feb10:   00007ffa87cda848 000002048d101be0
0x000000a1346feb20:   0000020447aac0d8 000002048d101be0
0x000000a1346feb30:   0000020447aac0d8 00007ffa87c7a6a8
0x000000a1346feb40:   000002048d101be0 000002048d101be0
0x000000a1346feb50:   00000000000000fd 0000020447aac0d8
0x000000a1346feb60:   0000000620001f38 0000020489260700
0x000000a1346feb70:   0000000000000000 000000a1346feb90
0x000000a1346feb80:   0000000000000000 0000000000000000
0x000000a1346feb90:   00004dfe603f865a 00000006200f6640
0x000000a1346feba0:   0000020447aabd20 000000a1346fec88
0x000000a1346febb0:   0000020489271c78 0000000000000000
0x000000a1346febc0:   0000000000000120 00000000000000fd
0x000000a1346febd0:   000000a1346fec60 00000204324407b6
0x000000a1346febe0:   000000a1346febf8 0000020489271c78
0x000000a1346febf0:   00000204324391b4 0000000000000000
0x000000a1346fec00:   00000006200f6640 000000061f400158
0x000000a1346fec10:   000000061f400158 000000a1346fec18
0x000000a1346fec20:   0000000000000000 0000000000000005
0x000000a1346fec30:   0000020489274138 0000000000000000
0x000000a1346fec40:   00000006200048a8 0000020489271c78
0x000000a1346fec50:   0000000000000000 000000a1346fec80
0x000000a1346fec60:   000000a1346fecd8 00000204324396b9
0x000000a1346fec70:   0000000000000000 000002043243c6fa
0x000000a1346fec80:   0000000000000000 000000061f400158
0x000000a1346fec90:   000000a1346fec90 0000020489271d20
0x000000a1346feca0:   0000000000000002 0000020489274138
0x000000a1346fecb0:   0000000000000000 00000006200048a8
0x000000a1346fecc0:   0000020489271d38 000000a1346fec80
0x000000a1346fecd0:   000000a1346fece8 000000a1346fed38
0x000000a1346fece0:   00000204324396b9 000000061f400158
0x000000a1346fecf0:   000000a1346fecf0 0000020489260557
0x000000a1346fed00:   0000000000000003 0000020489261670 

Instructions: (pc=0x00007ffa87c7b319)
0x00007ffa87c7b219:   cc cc cc cc cc cc cc 48 89 5c 24 08 48 89 6c 24
0x00007ffa87c7b229:   10 48 89 74 24 18 57 48 83 ec 20 41 8b f8 0f b6
0x00007ffa87c7b239:   f2 48 8b e9 e8 0e cb f4 ff 48 8b d8 48 89 44 24
0x00007ffa87c7b249:   48 41 b8 01 00 00 00 8b d7 48 8b c8 e8 66 ca f4
0x00007ffa87c7b259:   ff 48 8b c8 44 0f b6 c6 48 8b d5 e8 97 fa ff ff
0x00007ffa87c7b269:   48 8b f8 48 8b cb e8 9c cc f4 ff 90 48 8b c7 48
0x00007ffa87c7b279:   8b 5c 24 30 48 8b 6c 24 38 48 8b 74 24 40 48 83
0x00007ffa87c7b289:   c4 20 5f c3 cc cc cc 48 8b 49 28 e9 37 07 00 00
0x00007ffa87c7b299:   cc cc cc cc cc cc cc 48 89 5c 24 08 57 48 83 ec
0x00007ffa87c7b2a9:   20 8b f9 e8 9f ca f4 ff 48 8b d8 48 89 44 24 38
0x00007ffa87c7b2b9:   41 b8 01 00 00 00 8b d7 48 8b c8 e8 f7 c9 f4 ff
0x00007ffa87c7b2c9:   48 8b 08 8b 39 48 8b cb e8 3a cc f4 ff 90 8b c7
0x00007ffa87c7b2d9:   48 8b 5c 24 30 48 83 c4 20 5f c3 cc cc cc cc cc
0x00007ffa87c7b2e9:   cc cc cc cc cc cc cc 48 89 5c 24 08 57 48 83 ec
0x00007ffa87c7b2f9:   20 8b f9 e8 4f ca f4 ff 48 8b d8 48 89 44 24 38
0x00007ffa87c7b309:   41 b8 01 00 00 00 8b d7 48 8b c8 e8 a7 c9 f4 ff
0x00007ffa87c7b319:   48 8b 78 28 48 8b cb e8 eb cb f4 ff 90 48 8b c7
0x00007ffa87c7b329:   48 8b 5c 24 30 48 83 c4 20 5f c3 cc cc cc cc cc
0x00007ffa87c7b339:   cc cc cc cc cc cc cc 48 89 5c 24 08 57 48 83 ec
0x00007ffa87c7b349:   20 8b f9 e8 ff c9 f4 ff 48 8b d8 48 89 44 24 38
0x00007ffa87c7b359:   41 b8 01 00 00 00 8b d7 48 8b c8 e8 57 c9 f4 ff
0x00007ffa87c7b369:   48 8b 78 30 48 8b cb e8 9b cb f4 ff 90 48 8b c7
0x00007ffa87c7b379:   48 8b 5c 24 30 48 83 c4 20 5f c3 cc cc cc cc cc
0x00007ffa87c7b389:   cc cc cc cc cc cc cc 48 89 5c 24 08 57 48 83 ec
0x00007ffa87c7b399:   20 8b f9 e8 af c9 f4 ff 48 8b d8 48 89 44 24 38
0x00007ffa87c7b3a9:   41 b8 01 00 00 00 8b d7 48 8b c8 e8 07 c9 f4 ff
0x00007ffa87c7b3b9:   48 8b 78 08 48 85 ff 74 07 48 8b bf 08 0c 00 00
0x00007ffa87c7b3c9:   48 8b cb e8 3f cb f4 ff 90 48 8b c7 48 8b 5c 24
0x00007ffa87c7b3d9:   30 48 83 c4 20 5f c3 f3 0f 10 41 48 c3 cc cc cc
0x00007ffa87c7b3e9:   cc cc cc cc cc cc cc f3 0f 10 41 4c c3 cc cc cc
0x00007ffa87c7b3f9:   cc cc cc cc cc cc cc 48 89 5c 24 10 48 89 6c 24
0x00007ffa87c7b409:   18 48 89 74 24 20 57 48 81 ec 20 01 00 00 48 8b 


Stack slot to memory mapping:

stack at sp + 0 slots: 0x00007ffa87cda848 awt.dll
stack at sp + 1 slots: 0x000002048d101be0 points into unknown readable memory: 0x0000020447a090b0 | b0 90 a0 47 04 02 00 00
stack at sp + 2 slots: 0x0000020447aac0d8 points into unknown readable memory: 0x00007ffa83c747b0 | b0 47 c7 83 fa 7f 00 00
stack at sp + 3 slots: 0x000002048d101be0 points into unknown readable memory: 0x0000020447a090b0 | b0 90 a0 47 04 02 00 00
stack at sp + 4 slots: 0x0000020447aac0d8 points into unknown readable memory: 0x00007ffa83c747b0 | b0 47 c7 83 fa 7f 00 00
stack at sp + 5 slots: 0x00007ffa87c7a6a8 awt.dll
stack at sp + 6 slots: 0x000002048d101be0 points into unknown readable memory: 0x0000020447a090b0 | b0 90 a0 47 04 02 00 00
stack at sp + 7 slots: 0x000002048d101be0 points into unknown readable memory: 0x0000020447a090b0 | b0 90 a0 47 04 02 00 00


---------------  P R O C E S S  ---------------

Threads class SMR info:
_java_thread_list=0x00000204479803b0, length=20, elements={
0x0000020447907280, 0x0000020447907ee0, 0x0000020447910e30, 0x0000020447916d40,
0x00000204479177a0, 0x0000020447920210, 0x00000204479268b0, 0x0000020447928a80,
0x0000020447a83110, 0x0000020447a790e0, 0x0000020447aa9c10, 0x0000020447aad760,
0x0000020447aad0d0, 0x0000020447aac3b0, 0x0000020447aaca40, 0x0000020447aaa2e0,
0x0000020447aaa970, 0x0000020447aab000, 0x0000020447aab690, 0x0000020447aabd20
}

Java Threads: ( => current thread )
  0x0000020447907280 JavaThread "Reference Handler"          daemon [_thread_blocked, id=6724, stack(0x000000a135000000,0x000000a135100000) (1024K)]
  0x0000020447907ee0 JavaThread "Finalizer"                  daemon [_thread_blocked, id=27080, stack(0x000000a135100000,0x000000a135200000) (1024K)]
  0x0000020447910e30 JavaThread "Signal Dispatcher"          daemon [_thread_blocked, id=35420, stack(0x000000a135200000,0x000000a135300000) (1024K)]
  0x0000020447916d40 JavaThread "Attach Listener"            daemon [_thread_blocked, id=22472, stack(0x000000a135300000,0x000000a135400000) (1024K)]
  0x00000204479177a0 JavaThread "Service Thread"             daemon [_thread_blocked, id=13696, stack(0x000000a135400000,0x000000a135500000) (1024K)]
  0x0000020447920210 JavaThread "Monitor Deflation Thread"   daemon [_thread_blocked, id=19832, stack(0x000000a135500000,0x000000a135600000) (1024K)]
  0x00000204479268b0 JavaThread "C2 CompilerThread0"         daemon [_thread_blocked, id=22228, stack(0x000000a135600000,0x000000a135700000) (1024K)]
  0x0000020447928a80 JavaThread "C1 CompilerThread0"         daemon [_thread_blocked, id=33472, stack(0x000000a135700000,0x000000a135800000) (1024K)]
  0x0000020447a83110 JavaThread "JDWP Transport Listener: dt_shmem" daemon [_thread_blocked, id=20024, stack(0x000000a135a00000,0x000000a135b00000) (1024K)]
  0x0000020447a790e0 JavaThread "JDWP Event Helper Thread"   daemon [_thread_blocked, id=25724, stack(0x000000a135b00000,0x000000a135c00000) (1024K)]
  0x0000020447aa9c10 JavaThread "JDWP Command Reader"        daemon [_thread_in_native, id=32996, stack(0x000000a135c00000,0x000000a135d00000) (1024K)]
  0x0000020447aad760 JavaThread "Notification Thread"        daemon [_thread_blocked, id=31616, stack(0x000000a135d00000,0x000000a135e00000) (1024K)]
  0x0000020447aad0d0 JavaThread "Common-Cleaner"             daemon [_thread_blocked, id=30164, stack(0x000000a135e00000,0x000000a135f00000) (1024K)]
  0x0000020447aac3b0 JavaThread "Java2D Disposer"            daemon [_thread_blocked, id=4856, stack(0x000000a136000000,0x000000a136100000) (1024K)]
  0x0000020447aaca40 JavaThread "AWT-Windows"                daemon [_thread_in_native, id=11872, stack(0x000000a136200000,0x000000a136300000) (1024K)]
  0x0000020447aaa2e0 JavaThread "main"                              [_thread_blocked, id=25928, stack(0x000000a136300000,0x000000a136400000) (1024K)]
  0x0000020447aaa970 JavaThread "BlueJ worker thread"               [_thread_blocked, id=15280, stack(0x000000a136400000,0x000000a136500000) (1024K)]
  0x0000020447aab000 JavaThread "DestroyJavaVM"                     [_thread_blocked, id=8720, stack(0x000000a134800000,0x000000a134900000) (1024K)]
  0x0000020447aab690 JavaThread "AWT-Shutdown"                      [_thread_blocked, id=10404, stack(0x000000a134500000,0x000000a134600000) (1024K)]
=>0x0000020447aabd20 JavaThread "AWT-EventQueue-0"                  [_thread_in_native, id=29404, stack(0x000000a134600000,0x000000a134700000) (1024K)]
Total: 20

Other Threads:
  0x00000204478e18b0 VMThread "VM Thread"                           [id=20720, stack(0x000000a134f00000,0x000000a135000000) (1024K)]
  0x0000020444af6550 WatcherThread "VM Periodic Task Thread"        [id=28908, stack(0x000000a134e00000,0x000000a134f00000) (1024K)]
  0x00000204229aeb60 WorkerThread "GC Thread#0"                     [id=17444, stack(0x000000a134900000,0x000000a134a00000) (1024K)]
  0x00000204229c02e0 ConcurrentGCThread "G1 Main Marker"            [id=27336, stack(0x000000a134a00000,0x000000a134b00000) (1024K)]
  0x00000204229c1c60 WorkerThread "G1 Conc#0"                       [id=5700, stack(0x000000a134b00000,0x000000a134c00000) (1024K)]
  0x00000204449b6460 ConcurrentGCThread "G1 Refine#0"               [id=27588, stack(0x000000a134c00000,0x000000a134d00000) (1024K)]
  0x00000204449b7e80 ConcurrentGCThread "G1 Service"                [id=21304, stack(0x000000a134d00000,0x000000a134e00000) (1024K)]
Total: 7

Threads with active compile tasks:
Total: 0

VM state: not at safepoint (normal execution)

VM Mutex/Monitor currently owned by a thread: None

Heap address: 0x0000000600c00000, size: 8180 MB, Compressed Oops mode: Zero based, Oop shift amount: 3

CDS archive(s) mapped at: [0x0000020448000000-0x0000020448c90000-0x0000020448c90000), size 13172736, SharedBaseAddress: 0x0000020448000000, ArchiveRelocationMode: 1.
Compressed class space mapped at: 0x0000020449000000-0x0000020489000000, reserved size: 1073741824
Narrow klass base: 0x0000020448000000, Narrow klass shift: 0, Narrow klass range: 0x100000000

GC Precious Log:
 CardTable entry size: 512
 Card Set container configuration: InlinePtr #cards 4 size 8 Array Of Cards #cards 32 size 80 Howl #buckets 8 coarsen threshold 7372 Howl Bitmap #cards 1024 size 144 coarsen threshold 921 Card regions per heap region 1 cards per card region 8192
 CPUs: 16 total, 16 available
 Memory: 32714M
 Large Page Support: Disabled
 NUMA Support: Disabled
 Compressed Oops: Enabled (Zero based)
 Heap Region Size: 4M
 Heap Min Capacity: 8M
 Heap Initial Capacity: 512M
 Heap Max Capacity: 8180M
 Pre-touch: Disabled
 Parallel Workers: 13
 Concurrent Workers: 3
 Concurrent Refinement Workers: 13
 Periodic GC: Disabled

Heap:
 garbage-first heap   total 524288K, used 20480K [0x0000000600c00000, 0x0000000800000000)
  region size 4096K, 6 young (24576K), 0 survivors (0K)
 Metaspace       used 2993K, committed 3136K, reserved 1114112K
  class space    used 273K, committed 320K, reserved 1048576K

Heap Regions: E=young(eden), S=young(survivor), O=old, HS=humongous(starts), HC=humongous(continues), CS=collection set, F=free, TAMS=top-at-mark-start, PB=parsable bottom
|   0|0x0000000600c00000, 0x0000000600c00000, 0x0000000601000000|  0%| F|  |TAMS 0x0000000600c00000| PB 0x0000000600c00000| Untracked 
|   1|0x0000000601000000, 0x0000000601000000, 0x0000000601400000|  0%| F|  |TAMS 0x0000000601000000| PB 0x0000000601000000| Untracked 
|   2|0x0000000601400000, 0x0000000601400000, 0x0000000601800000|  0%| F|  |TAMS 0x0000000601400000| PB 0x0000000601400000| Untracked 
|   3|0x0000000601800000, 0x0000000601800000, 0x0000000601c00000|  0%| F|  |TAMS 0x0000000601800000| PB 0x0000000601800000| Untracked 
|   4|0x0000000601c00000, 0x0000000601c00000, 0x0000000602000000|  0%| F|  |TAMS 0x0000000601c00000| PB 0x0000000601c00000| Untracked 
|   5|0x0000000602000000, 0x0000000602000000, 0x0000000602400000|  0%| F|  |TAMS 0x0000000602000000| PB 0x0000000602000000| Untracked 
|   6|0x0000000602400000, 0x0000000602400000, 0x0000000602800000|  0%| F|  |TAMS 0x0000000602400000| PB 0x0000000602400000| Untracked 
|   7|0x0000000602800000, 0x0000000602800000, 0x0000000602c00000|  0%| F|  |TAMS 0x0000000602800000| PB 0x0000000602800000| Untracked 
|   8|0x0000000602c00000, 0x0000000602c00000, 0x0000000603000000|  0%| F|  |TAMS 0x0000000602c00000| PB 0x0000000602c00000| Untracked 
|   9|0x0000000603000000, 0x0000000603000000, 0x0000000603400000|  0%| F|  |TAMS 0x0000000603000000| PB 0x0000000603000000| Untracked 
|  10|0x0000000603400000, 0x0000000603400000, 0x0000000603800000|  0%| F|  |TAMS 0x0000000603400000| PB 0x0000000603400000| Untracked 
|  11|0x0000000603800000, 0x0000000603800000, 0x0000000603c00000|  0%| F|  |TAMS 0x0000000603800000| PB 0x0000000603800000| Untracked 
|  12|0x0000000603c00000, 0x0000000603c00000, 0x0000000604000000|  0%| F|  |TAMS 0x0000000603c00000| PB 0x0000000603c00000| Untracked 
|  13|0x0000000604000000, 0x0000000604000000, 0x0000000604400000|  0%| F|  |TAMS 0x0000000604000000| PB 0x0000000604000000| Untracked 
|  14|0x0000000604400000, 0x0000000604400000, 0x0000000604800000|  0%| F|  |TAMS 0x0000000604400000| PB 0x0000000604400000| Untracked 
|  15|0x0000000604800000, 0x0000000604800000, 0x0000000604c00000|  0%| F|  |TAMS 0x0000000604800000| PB 0x0000000604800000| Untracked 
|  16|0x0000000604c00000, 0x0000000604c00000, 0x0000000605000000|  0%| F|  |TAMS 0x0000000604c00000| PB 0x0000000604c00000| Untracked 
|  17|0x0000000605000000, 0x0000000605000000, 0x0000000605400000|  0%| F|  |TAMS 0x0000000605000000| PB 0x0000000605000000| Untracked 
|  18|0x0000000605400000, 0x0000000605400000, 0x0000000605800000|  0%| F|  |TAMS 0x0000000605400000| PB 0x0000000605400000| Untracked 
|  19|0x0000000605800000, 0x0000000605800000, 0x0000000605c00000|  0%| F|  |TAMS 0x0000000605800000| PB 0x0000000605800000| Untracked 
|  20|0x0000000605c00000, 0x0000000605c00000, 0x0000000606000000|  0%| F|  |TAMS 0x0000000605c00000| PB 0x0000000605c00000| Untracked 
|  21|0x0000000606000000, 0x0000000606000000, 0x0000000606400000|  0%| F|  |TAMS 0x0000000606000000| PB 0x0000000606000000| Untracked 
|  22|0x0000000606400000, 0x0000000606400000, 0x0000000606800000|  0%| F|  |TAMS 0x0000000606400000| PB 0x0000000606400000| Untracked 
|  23|0x0000000606800000, 0x0000000606800000, 0x0000000606c00000|  0%| F|  |TAMS 0x0000000606800000| PB 0x0000000606800000| Untracked 
|  24|0x0000000606c00000, 0x0000000606c00000, 0x0000000607000000|  0%| F|  |TAMS 0x0000000606c00000| PB 0x0000000606c00000| Untracked 
|  25|0x0000000607000000, 0x0000000607000000, 0x0000000607400000|  0%| F|  |TAMS 0x0000000607000000| PB 0x0000000607000000| Untracked 
|  26|0x0000000607400000, 0x0000000607400000, 0x0000000607800000|  0%| F|  |TAMS 0x0000000607400000| PB 0x0000000607400000| Untracked 
|  27|0x0000000607800000, 0x0000000607800000, 0x0000000607c00000|  0%| F|  |TAMS 0x0000000607800000| PB 0x0000000607800000| Untracked 
|  28|0x0000000607c00000, 0x0000000607c00000, 0x0000000608000000|  0%| F|  |TAMS 0x0000000607c00000| PB 0x0000000607c00000| Untracked 
|  29|0x0000000608000000, 0x0000000608000000, 0x0000000608400000|  0%| F|  |TAMS 0x0000000608000000| PB 0x0000000608000000| Untracked 
|  30|0x0000000608400000, 0x0000000608400000, 0x0000000608800000|  0%| F|  |TAMS 0x0000000608400000| PB 0x0000000608400000| Untracked 
|  31|0x0000000608800000, 0x0000000608800000, 0x0000000608c00000|  0%| F|  |TAMS 0x0000000608800000| PB 0x0000000608800000| Untracked 
|  32|0x0000000608c00000, 0x0000000608c00000, 0x0000000609000000|  0%| F|  |TAMS 0x0000000608c00000| PB 0x0000000608c00000| Untracked 
|  33|0x0000000609000000, 0x0000000609000000, 0x0000000609400000|  0%| F|  |TAMS 0x0000000609000000| PB 0x0000000609000000| Untracked 
|  34|0x0000000609400000, 0x0000000609400000, 0x0000000609800000|  0%| F|  |TAMS 0x0000000609400000| PB 0x0000000609400000| Untracked 
|  35|0x0000000609800000, 0x0000000609800000, 0x0000000609c00000|  0%| F|  |TAMS 0x0000000609800000| PB 0x0000000609800000| Untracked 
|  36|0x0000000609c00000, 0x0000000609c00000, 0x000000060a000000|  0%| F|  |TAMS 0x0000000609c00000| PB 0x0000000609c00000| Untracked 
|  37|0x000000060a000000, 0x000000060a000000, 0x000000060a400000|  0%| F|  |TAMS 0x000000060a000000| PB 0x000000060a000000| Untracked 
|  38|0x000000060a400000, 0x000000060a400000, 0x000000060a800000|  0%| F|  |TAMS 0x000000060a400000| PB 0x000000060a400000| Untracked 
|  39|0x000000060a800000, 0x000000060a800000, 0x000000060ac00000|  0%| F|  |TAMS 0x000000060a800000| PB 0x000000060a800000| Untracked 
|  40|0x000000060ac00000, 0x000000060ac00000, 0x000000060b000000|  0%| F|  |TAMS 0x000000060ac00000| PB 0x000000060ac00000| Untracked 
|  41|0x000000060b000000, 0x000000060b000000, 0x000000060b400000|  0%| F|  |TAMS 0x000000060b000000| PB 0x000000060b000000| Untracked 
|  42|0x000000060b400000, 0x000000060b400000, 0x000000060b800000|  0%| F|  |TAMS 0x000000060b400000| PB 0x000000060b400000| Untracked 
|  43|0x000000060b800000, 0x000000060b800000, 0x000000060bc00000|  0%| F|  |TAMS 0x000000060b800000| PB 0x000000060b800000| Untracked 
|  44|0x000000060bc00000, 0x000000060bc00000, 0x000000060c000000|  0%| F|  |TAMS 0x000000060bc00000| PB 0x000000060bc00000| Untracked 
|  45|0x000000060c000000, 0x000000060c000000, 0x000000060c400000|  0%| F|  |TAMS 0x000000060c000000| PB 0x000000060c000000| Untracked 
|  46|0x000000060c400000, 0x000000060c400000, 0x000000060c800000|  0%| F|  |TAMS 0x000000060c400000| PB 0x000000060c400000| Untracked 
|  47|0x000000060c800000, 0x000000060c800000, 0x000000060cc00000|  0%| F|  |TAMS 0x000000060c800000| PB 0x000000060c800000| Untracked 
|  48|0x000000060cc00000, 0x000000060cc00000, 0x000000060d000000|  0%| F|  |TAMS 0x000000060cc00000| PB 0x000000060cc00000| Untracked 
|  49|0x000000060d000000, 0x000000060d000000, 0x000000060d400000|  0%| F|  |TAMS 0x000000060d000000| PB 0x000000060d000000| Untracked 
|  50|0x000000060d400000, 0x000000060d400000, 0x000000060d800000|  0%| F|  |TAMS 0x000000060d400000| PB 0x000000060d400000| Untracked 
|  51|0x000000060d800000, 0x000000060d800000, 0x000000060dc00000|  0%| F|  |TAMS 0x000000060d800000| PB 0x000000060d800000| Untracked 
|  52|0x000000060dc00000, 0x000000060dc00000, 0x000000060e000000|  0%| F|  |TAMS 0x000000060dc00000| PB 0x000000060dc00000| Untracked 
|  53|0x000000060e000000, 0x000000060e000000, 0x000000060e400000|  0%| F|  |TAMS 0x000000060e000000| PB 0x000000060e000000| Untracked 
|  54|0x000000060e400000, 0x000000060e400000, 0x000000060e800000|  0%| F|  |TAMS 0x000000060e400000| PB 0x000000060e400000| Untracked 
|  55|0x000000060e800000, 0x000000060e800000, 0x000000060ec00000|  0%| F|  |TAMS 0x000000060e800000| PB 0x000000060e800000| Untracked 
|  56|0x000000060ec00000, 0x000000060ec00000, 0x000000060f000000|  0%| F|  |TAMS 0x000000060ec00000| PB 0x000000060ec00000| Untracked 
|  57|0x000000060f000000, 0x000000060f000000, 0x000000060f400000|  0%| F|  |TAMS 0x000000060f000000| PB 0x000000060f000000| Untracked 
|  58|0x000000060f400000, 0x000000060f400000, 0x000000060f800000|  0%| F|  |TAMS 0x000000060f400000| PB 0x000000060f400000| Untracked 
|  59|0x000000060f800000, 0x000000060f800000, 0x000000060fc00000|  0%| F|  |TAMS 0x000000060f800000| PB 0x000000060f800000| Untracked 
|  60|0x000000060fc00000, 0x000000060fc00000, 0x0000000610000000|  0%| F|  |TAMS 0x000000060fc00000| PB 0x000000060fc00000| Untracked 
|  61|0x0000000610000000, 0x0000000610000000, 0x0000000610400000|  0%| F|  |TAMS 0x0000000610000000| PB 0x0000000610000000| Untracked 
|  62|0x0000000610400000, 0x0000000610400000, 0x0000000610800000|  0%| F|  |TAMS 0x0000000610400000| PB 0x0000000610400000| Untracked 
|  63|0x0000000610800000, 0x0000000610800000, 0x0000000610c00000|  0%| F|  |TAMS 0x0000000610800000| PB 0x0000000610800000| Untracked 
|  64|0x0000000610c00000, 0x0000000610c00000, 0x0000000611000000|  0%| F|  |TAMS 0x0000000610c00000| PB 0x0000000610c00000| Untracked 
|  65|0x0000000611000000, 0x0000000611000000, 0x0000000611400000|  0%| F|  |TAMS 0x0000000611000000| PB 0x0000000611000000| Untracked 
|  66|0x0000000611400000, 0x0000000611400000, 0x0000000611800000|  0%| F|  |TAMS 0x0000000611400000| PB 0x0000000611400000| Untracked 
|  67|0x0000000611800000, 0x0000000611800000, 0x0000000611c00000|  0%| F|  |TAMS 0x0000000611800000| PB 0x0000000611800000| Untracked 
|  68|0x0000000611c00000, 0x0000000611c00000, 0x0000000612000000|  0%| F|  |TAMS 0x0000000611c00000| PB 0x0000000611c00000| Untracked 
|  69|0x0000000612000000, 0x0000000612000000, 0x0000000612400000|  0%| F|  |TAMS 0x0000000612000000| PB 0x0000000612000000| Untracked 
|  70|0x0000000612400000, 0x0000000612400000, 0x0000000612800000|  0%| F|  |TAMS 0x0000000612400000| PB 0x0000000612400000| Untracked 
|  71|0x0000000612800000, 0x0000000612800000, 0x0000000612c00000|  0%| F|  |TAMS 0x0000000612800000| PB 0x0000000612800000| Untracked 
|  72|0x0000000612c00000, 0x0000000612c00000, 0x0000000613000000|  0%| F|  |TAMS 0x0000000612c00000| PB 0x0000000612c00000| Untracked 
|  73|0x0000000613000000, 0x0000000613000000, 0x0000000613400000|  0%| F|  |TAMS 0x0000000613000000| PB 0x0000000613000000| Untracked 
|  74|0x0000000613400000, 0x0000000613400000, 0x0000000613800000|  0%| F|  |TAMS 0x0000000613400000| PB 0x0000000613400000| Untracked 
|  75|0x0000000613800000, 0x0000000613800000, 0x0000000613c00000|  0%| F|  |TAMS 0x0000000613800000| PB 0x0000000613800000| Untracked 
|  76|0x0000000613c00000, 0x0000000613c00000, 0x0000000614000000|  0%| F|  |TAMS 0x0000000613c00000| PB 0x0000000613c00000| Untracked 
|  77|0x0000000614000000, 0x0000000614000000, 0x0000000614400000|  0%| F|  |TAMS 0x0000000614000000| PB 0x0000000614000000| Untracked 
|  78|0x0000000614400000, 0x0000000614400000, 0x0000000614800000|  0%| F|  |TAMS 0x0000000614400000| PB 0x0000000614400000| Untracked 
|  79|0x0000000614800000, 0x0000000614800000, 0x0000000614c00000|  0%| F|  |TAMS 0x0000000614800000| PB 0x0000000614800000| Untracked 
|  80|0x0000000614c00000, 0x0000000614c00000, 0x0000000615000000|  0%| F|  |TAMS 0x0000000614c00000| PB 0x0000000614c00000| Untracked 
|  81|0x0000000615000000, 0x0000000615000000, 0x0000000615400000|  0%| F|  |TAMS 0x0000000615000000| PB 0x0000000615000000| Untracked 
|  82|0x0000000615400000, 0x0000000615400000, 0x0000000615800000|  0%| F|  |TAMS 0x0000000615400000| PB 0x0000000615400000| Untracked 
|  83|0x0000000615800000, 0x0000000615800000, 0x0000000615c00000|  0%| F|  |TAMS 0x0000000615800000| PB 0x0000000615800000| Untracked 
|  84|0x0000000615c00000, 0x0000000615c00000, 0x0000000616000000|  0%| F|  |TAMS 0x0000000615c00000| PB 0x0000000615c00000| Untracked 
|  85|0x0000000616000000, 0x0000000616000000, 0x0000000616400000|  0%| F|  |TAMS 0x0000000616000000| PB 0x0000000616000000| Untracked 
|  86|0x0000000616400000, 0x0000000616400000, 0x0000000616800000|  0%| F|  |TAMS 0x0000000616400000| PB 0x0000000616400000| Untracked 
|  87|0x0000000616800000, 0x0000000616800000, 0x0000000616c00000|  0%| F|  |TAMS 0x0000000616800000| PB 0x0000000616800000| Untracked 
|  88|0x0000000616c00000, 0x0000000616c00000, 0x0000000617000000|  0%| F|  |TAMS 0x0000000616c00000| PB 0x0000000616c00000| Untracked 
|  89|0x0000000617000000, 0x0000000617000000, 0x0000000617400000|  0%| F|  |TAMS 0x0000000617000000| PB 0x0000000617000000| Untracked 
|  90|0x0000000617400000, 0x0000000617400000, 0x0000000617800000|  0%| F|  |TAMS 0x0000000617400000| PB 0x0000000617400000| Untracked 
|  91|0x0000000617800000, 0x0000000617800000, 0x0000000617c00000|  0%| F|  |TAMS 0x0000000617800000| PB 0x0000000617800000| Untracked 
|  92|0x0000000617c00000, 0x0000000617c00000, 0x0000000618000000|  0%| F|  |TAMS 0x0000000617c00000| PB 0x0000000617c00000| Untracked 
|  93|0x0000000618000000, 0x0000000618000000, 0x0000000618400000|  0%| F|  |TAMS 0x0000000618000000| PB 0x0000000618000000| Untracked 
|  94|0x0000000618400000, 0x0000000618400000, 0x0000000618800000|  0%| F|  |TAMS 0x0000000618400000| PB 0x0000000618400000| Untracked 
|  95|0x0000000618800000, 0x0000000618800000, 0x0000000618c00000|  0%| F|  |TAMS 0x0000000618800000| PB 0x0000000618800000| Untracked 
|  96|0x0000000618c00000, 0x0000000618c00000, 0x0000000619000000|  0%| F|  |TAMS 0x0000000618c00000| PB 0x0000000618c00000| Untracked 
|  97|0x0000000619000000, 0x0000000619000000, 0x0000000619400000|  0%| F|  |TAMS 0x0000000619000000| PB 0x0000000619000000| Untracked 
|  98|0x0000000619400000, 0x0000000619400000, 0x0000000619800000|  0%| F|  |TAMS 0x0000000619400000| PB 0x0000000619400000| Untracked 
|  99|0x0000000619800000, 0x0000000619800000, 0x0000000619c00000|  0%| F|  |TAMS 0x0000000619800000| PB 0x0000000619800000| Untracked 
| 100|0x0000000619c00000, 0x0000000619c00000, 0x000000061a000000|  0%| F|  |TAMS 0x0000000619c00000| PB 0x0000000619c00000| Untracked 
| 101|0x000000061a000000, 0x000000061a000000, 0x000000061a400000|  0%| F|  |TAMS 0x000000061a000000| PB 0x000000061a000000| Untracked 
| 102|0x000000061a400000, 0x000000061a400000, 0x000000061a800000|  0%| F|  |TAMS 0x000000061a400000| PB 0x000000061a400000| Untracked 
| 103|0x000000061a800000, 0x000000061a800000, 0x000000061ac00000|  0%| F|  |TAMS 0x000000061a800000| PB 0x000000061a800000| Untracked 
| 104|0x000000061ac00000, 0x000000061ac00000, 0x000000061b000000|  0%| F|  |TAMS 0x000000061ac00000| PB 0x000000061ac00000| Untracked 
| 105|0x000000061b000000, 0x000000061b000000, 0x000000061b400000|  0%| F|  |TAMS 0x000000061b000000| PB 0x000000061b000000| Untracked 
| 106|0x000000061b400000, 0x000000061b400000, 0x000000061b800000|  0%| F|  |TAMS 0x000000061b400000| PB 0x000000061b400000| Untracked 
| 107|0x000000061b800000, 0x000000061b800000, 0x000000061bc00000|  0%| F|  |TAMS 0x000000061b800000| PB 0x000000061b800000| Untracked 
| 108|0x000000061bc00000, 0x000000061bc00000, 0x000000061c000000|  0%| F|  |TAMS 0x000000061bc00000| PB 0x000000061bc00000| Untracked 
| 109|0x000000061c000000, 0x000000061c000000, 0x000000061c400000|  0%| F|  |TAMS 0x000000061c000000| PB 0x000000061c000000| Untracked 
| 110|0x000000061c400000, 0x000000061c400000, 0x000000061c800000|  0%| F|  |TAMS 0x000000061c400000| PB 0x000000061c400000| Untracked 
| 111|0x000000061c800000, 0x000000061c800000, 0x000000061cc00000|  0%| F|  |TAMS 0x000000061c800000| PB 0x000000061c800000| Untracked 
| 112|0x000000061cc00000, 0x000000061cc00000, 0x000000061d000000|  0%| F|  |TAMS 0x000000061cc00000| PB 0x000000061cc00000| Untracked 
| 113|0x000000061d000000, 0x000000061d000000, 0x000000061d400000|  0%| F|  |TAMS 0x000000061d000000| PB 0x000000061d000000| Untracked 
| 114|0x000000061d400000, 0x000000061d400000, 0x000000061d800000|  0%| F|  |TAMS 0x000000061d400000| PB 0x000000061d400000| Untracked 
| 115|0x000000061d800000, 0x000000061d800000, 0x000000061dc00000|  0%| F|  |TAMS 0x000000061d800000| PB 0x000000061d800000| Untracked 
| 116|0x000000061dc00000, 0x000000061dc00000, 0x000000061e000000|  0%| F|  |TAMS 0x000000061dc00000| PB 0x000000061dc00000| Untracked 
| 117|0x000000061e000000, 0x000000061e000000, 0x000000061e400000|  0%| F|  |TAMS 0x000000061e000000| PB 0x000000061e000000| Untracked 
| 118|0x000000061e400000, 0x000000061e400000, 0x000000061e800000|  0%| F|  |TAMS 0x000000061e400000| PB 0x000000061e400000| Untracked 
| 119|0x000000061e800000, 0x000000061e800000, 0x000000061ec00000|  0%| F|  |TAMS 0x000000061e800000| PB 0x000000061e800000| Untracked 
| 120|0x000000061ec00000, 0x000000061ec00000, 0x000000061f000000|  0%| F|  |TAMS 0x000000061ec00000| PB 0x000000061ec00000| Untracked 
| 121|0x000000061f000000, 0x000000061f000000, 0x000000061f400000|  0%| F|  |TAMS 0x000000061f000000| PB 0x000000061f000000| Untracked 
| 122|0x000000061f400000, 0x000000061f400800, 0x000000061f800000|  0%| E|  |TAMS 0x000000061f400000| PB 0x000000061f400000| Complete 
| 123|0x000000061f800000, 0x000000061fc00000, 0x000000061fc00000|100%| E|CS|TAMS 0x000000061f800000| PB 0x000000061f800000| Complete 
| 124|0x000000061fc00000, 0x0000000620000000, 0x0000000620000000|100%| E|CS|TAMS 0x000000061fc00000| PB 0x000000061fc00000| Complete 
| 125|0x0000000620000000, 0x0000000620400000, 0x0000000620400000|100%| E|CS|TAMS 0x0000000620000000| PB 0x0000000620000000| Complete 
| 126|0x0000000620400000, 0x0000000620800000, 0x0000000620800000|100%| E|CS|TAMS 0x0000000620400000| PB 0x0000000620400000| Complete 
| 127|0x0000000620800000, 0x0000000620c00000, 0x0000000620c00000|100%| E|CS|TAMS 0x0000000620800000| PB 0x0000000620800000| Complete 

Card table byte_map: [0x000002043b860000,0x000002043c860000] _byte_map_base: 0x000002043885a000

Marking Bits: (CMBitMap*) 0x00000204229afa70
 Bits: [0x000002043c860000, 0x0000020444830000)

Polling page: 0x0000020420900000

Metaspace:

Usage:
  Non-class:      2.66 MB used.
      Class:    273.98 KB used.
       Both:      2.92 MB used.

Virtual space:
  Non-class space:       64.00 MB reserved,       2.75 MB (  4%) committed,  1 nodes.
      Class space:        1.00 GB reserved,     320.00 KB ( <1%) committed,  1 nodes.
             Both:        1.06 GB reserved,       3.06 MB ( <1%) committed. 

Chunk freelists:
   Non-Class:  11.85 MB
       Class:  15.69 MB
        Both:  27.54 MB

MaxMetaspaceSize: unlimited
CompressedClassSpaceSize: 1.00 GB
Initial GC threshold: 21.00 MB
Current GC threshold: 21.00 MB
CDS: on
 - commit_granule_bytes: 65536.
 - commit_granule_words: 8192.
 - virtual_space_node_default_size: 8388608.
 - enlarge_chunks_in_place: 1.
 - use_allocation_guard: 0.


Internal statistics:

num_allocs_failed_limit: 0.
num_arena_births: 114.
num_arena_deaths: 0.
num_vsnodes_births: 2.
num_vsnodes_deaths: 0.
num_space_committed: 49.
num_space_uncommitted: 0.
num_chunks_returned_to_freelist: 0.
num_chunks_taken_from_freelist: 142.
num_chunk_merges: 0.
num_chunk_splits: 87.
num_chunks_enlarged: 33.
num_inconsistent_stats: 0.

CodeHeap 'non-profiled nmethods': size=119168Kb used=173Kb max_used=173Kb free=118994Kb
 bounds [0x0000020432b80000, 0x0000020432df0000, 0x0000020439fe0000]
CodeHeap 'profiled nmethods': size=119104Kb used=810Kb max_used=810Kb free=118293Kb
 bounds [0x000002042afe0000, 0x000002042b250000, 0x0000020432430000]
CodeHeap 'non-nmethods': size=7488Kb used=1456Kb max_used=2584Kb free=6031Kb
 bounds [0x0000020432430000, 0x00000204326c0000, 0x0000020432b80000]
 total_blobs=1050 nmethods=561 adapters=394
 compilation: enabled
              stopped_count=0, restarted_count=0
 full_count=0

Compilation events (20 events):
Event: 48536.995 Thread 0x0000020447928a80  552       3       java.util.WeakHashMap::getTable (9 bytes)
Event: 48536.995 Thread 0x0000020447928a80 nmethod 552 0x000002042b0a8390 code [0x000002042b0a8540, 0x000002042b0a8690]
Event: 56418.951 Thread 0x0000020447928a80  553       3       java.lang.invoke.DirectMethodHandle::internalMemberName (8 bytes)
Event: 56418.951 Thread 0x0000020447928a80 nmethod 553 0x000002042b0a8710 code [0x000002042b0a88a0, 0x000002042b0a8a90]
Event: 56419.028 Thread 0x0000020447928a80  554       3       java.util.WeakHashMap::indexFor (6 bytes)
Event: 56419.028 Thread 0x0000020447928a80 nmethod 554 0x000002042b0a8b90 code [0x000002042b0a8d20, 0x000002042b0a8e18]
Event: 56419.029 Thread 0x0000020447928a80  555       1       java.util.concurrent.atomic.AtomicInteger::get (5 bytes)
Event: 56419.029 Thread 0x0000020447928a80 nmethod 555 0x0000020432bab010 code [0x0000020432bab1a0, 0x0000020432bab268]
Event: 56419.030 Thread 0x0000020447928a80  556       3       java.util.WeakHashMap::maskNull (12 bytes)
Event: 56419.030 Thread 0x0000020447928a80 nmethod 556 0x000002042b0a8e90 code [0x000002042b0a9020, 0x000002042b0a9160]
Event: 56419.030 Thread 0x0000020447928a80  557       3       java.util.WeakHashMap::hash (28 bytes)
Event: 56419.030 Thread 0x0000020447928a80 nmethod 557 0x000002042b0a9210 code [0x000002042b0a93c0, 0x000002042b0a95c0]
Event: 56419.666 Thread 0x0000020447928a80  558       3       java.util.WeakHashMap::size (18 bytes)
Event: 56419.666 Thread 0x0000020447928a80 nmethod 558 0x000002042b0a9690 code [0x000002042b0a9840, 0x000002042b0a99f8]
Event: 56421.412 Thread 0x0000020447928a80  559   !   3       sun.awt.AWTAutoShutdown::setToolkitBusy (124 bytes)
Event: 56421.413 Thread 0x0000020447928a80 nmethod 559 0x000002042b0a9a90 code [0x000002042b0a9ca0, 0x000002042b0aa2d8]
Event: 56421.444 Thread 0x0000020447928a80  560       3       java.util.ArrayList$Itr::hasNext (20 bytes)
Event: 56421.444 Thread 0x0000020447928a80 nmethod 560 0x000002042b0aa610 code [0x000002042b0aa7a0, 0x000002042b0aa918]
Event: 71469.531 Thread 0x00000204479268b0  561       4       jdk.internal.misc.Unsafe::weakCompareAndSetInt (11 bytes)
Event: 71469.532 Thread 0x00000204479268b0 nmethod 561 0x0000020432bab310 code [0x0000020432bab480, 0x0000020432bab518]

GC Heap History (0 events):
No events

Dll operation events (7 events):
Event: 0.012 Loaded shared library C:\Program Files\BlueJ\jdk\bin\java.dll
Event: 0.058 Loaded shared library C:\Program Files\BlueJ\jdk\bin\jsvml.dll
Event: 0.531 Loaded shared library C:\Program Files\BlueJ\jdk\bin\net.dll
Event: 0.534 Loaded shared library C:\Program Files\BlueJ\jdk\bin\nio.dll
Event: 0.573 Loaded shared library C:\Program Files\BlueJ\jdk\bin\zip.dll
Event: 0.700 Loaded shared library C:\Program Files\BlueJ\jdk\bin\jimage.dll
Event: 0.707 Loaded shared library C:\Program Files\BlueJ\jdk\bin\awt.dll

Deoptimization events (8 events):
Event: 0.688 Thread 0x000002042294c930 Uncommon trap: trap_request=0xffffff45 fr.pc=0x0000020432b897f8 relative=0x00000000000002b8
Event: 0.688 Thread 0x000002042294c930 Uncommon trap: reason=unstable_if action=reinterpret pc=0x0000020432b897f8 method=java.lang.StringLatin1.hashCode([B)I @ 2 c2
Event: 0.688 Thread 0x000002042294c930 DEOPT PACKING pc=0x0000020432b897f8 sp=0x000000a1348f9c00
Event: 0.688 Thread 0x000002042294c930 DEOPT UNPACKING pc=0x00000204324846a2 sp=0x000000a1348f9b38 mode 2
Event: 0.752 Thread 0x000002042294c930 Uncommon trap: trap_request=0xffffff45 fr.pc=0x0000020432b888ec relative=0x00000000000008cc
Event: 0.752 Thread 0x000002042294c930 Uncommon trap: reason=unstable_if action=reinterpret pc=0x0000020432b888ec method=java.util.zip.ZipFile$Source.checkAndAddEntry(II)I @ 50 c2
Event: 0.753 Thread 0x000002042294c930 DEOPT PACKING pc=0x0000020432b888ec sp=0x000000a1348fcaf0
Event: 0.753 Thread 0x000002042294c930 DEOPT UNPACKING pc=0x00000204324846a2 sp=0x000000a1348fca80 mode 2

Classes loaded (20 events):
Event: 14314.172 Loading class sun/java2d/d3d/D3DGraphicsConfig$D3DImageCaps
Event: 14314.172 Loading class sun/java2d/d3d/D3DGraphicsConfig$D3DImageCaps done
Event: 14314.172 Loading class java/awt/Rectangle
Event: 14314.172 Loading class java/awt/Shape
Event: 14314.172 Loading class java/awt/Shape done
Event: 14314.172 Loading class java/awt/geom/Rectangle2D
Event: 14314.172 Loading class java/awt/geom/RectangularShape
Event: 14314.172 Loading class java/awt/geom/RectangularShape done
Event: 14314.172 Loading class java/awt/geom/Rectangle2D done
Event: 14314.172 Loading class java/awt/Rectangle done
Event: 14314.173 Loading class java/util/WeakHashMap$KeyIterator
Event: 14314.173 Loading class java/util/WeakHashMap$HashIterator
Event: 14314.173 Loading class java/util/WeakHashMap$HashIterator done
Event: 14314.173 Loading class java/util/WeakHashMap$KeyIterator done
Event: 14316.289 Loading class sun/awt/AppContext$PostShutdownEventRunnable
Event: 14316.289 Loading class sun/awt/AppContext$PostShutdownEventRunnable done
Event: 14316.289 Loading class sun/awt/AWTAutoShutdown$1
Event: 14316.289 Loading class sun/awt/AWTAutoShutdown$1 done
Event: 40549.895 Loading class java/util/ArrayList$ListItr
Event: 40549.895 Loading class java/util/ArrayList$ListItr done

Classes unloaded (0 events):
No events

Classes redefined (0 events):
No events

Internal exceptions (3 events):
Event: 0.679 Thread 0x000002042294c930 Exception <a 'java/lang/ClassNotFoundException'{0x0000000620453780}: sun/awt/resources/spi/awtProvider> (0x0000000620453780) 
thrown [s\src\hotspot\share\classfile\systemDictionary.cpp, line 312]
Event: 0.730 Thread 0x000002042294c930 Exception <a 'java/io/FileNotFoundException'{0x0000000620531678}> (0x0000000620531678) 
thrown [s\src\hotspot\share\prims\jni.cpp, line 520]
Event: 0.738 Thread 0x000002042294c930 Exception <a 'java/io/FileNotFoundException'{0x000000062055bf60}> (0x000000062055bf60) 
thrown [s\src\hotspot\share\prims\jni.cpp, line 520]

ZGC Phase Switch (0 events):
No events

VM Operations (20 events):
Event: 42357.638 Executing VM operation: Cleanup
Event: 42357.639 Executing VM operation: Cleanup done
Event: 42394.144 Executing VM operation: HandshakeAllThreads (HandshakeForDeflation)
Event: 42394.144 Executing VM operation: HandshakeAllThreads (HandshakeForDeflation) done
Event: 42394.144 Executing VM operation: RendezvousGCThreads
Event: 42394.144 Executing VM operation: RendezvousGCThreads done
Event: 42967.653 Executing VM operation: Cleanup
Event: 42967.654 Executing VM operation: Cleanup done
Event: 42995.833 Executing VM operation: HandshakeAllThreads (HandshakeForDeflation)
Event: 42995.833 Executing VM operation: HandshakeAllThreads (HandshakeForDeflation) done
Event: 42995.833 Executing VM operation: RendezvousGCThreads
Event: 42995.833 Executing VM operation: RendezvousGCThreads done
Event: 48588.068 Executing VM operation: HandshakeAllThreads (HandshakeForDeflation)
Event: 48588.069 Executing VM operation: HandshakeAllThreads (HandshakeForDeflation) done
Event: 48588.069 Executing VM operation: RendezvousGCThreads
Event: 48588.069 Executing VM operation: RendezvousGCThreads done
Event: 56464.834 Executing VM operation: HandshakeAllThreads (HandshakeForDeflation)
Event: 56464.834 Executing VM operation: HandshakeAllThreads (HandshakeForDeflation) done
Event: 56464.834 Executing VM operation: RendezvousGCThreads
Event: 56464.834 Executing VM operation: RendezvousGCThreads done

Memory protections (0 events):
No events

Nmethod flushes (0 events):
No events

Events (20 events):
Event: 48536.036 Thread 0x0000020447aaca40 Thread added: 0x0000020447aab690
Event: 48536.337 Thread 0x0000020447aaca40 Thread added: 0x0000020447aabd20
Event: 48537.961 Thread 0x0000020447aab690 Thread exited: 0x0000020447aab690
Event: 48537.961 Thread 0x0000020447aabd20 Thread exited: 0x0000020447aabd20
Event: 48538.200 Thread 0x0000020447aaca40 Thread added: 0x0000020447aab690
Event: 48539.230 Thread 0x0000020447aab690 Thread exited: 0x0000020447aab690
Event: 56414.130 Thread 0x0000020447aaca40 Thread added: 0x0000020447aab690
Event: 56414.691 Thread 0x0000020447aaca40 Thread added: 0x0000020447aabd20
Event: 56416.665 Thread 0x0000020447aab690 Thread exited: 0x0000020447aab690
Event: 56416.665 Thread 0x0000020447aabd20 Thread exited: 0x0000020447aabd20
Event: 56416.986 Thread 0x0000020447aaca40 Thread added: 0x0000020447aab690
Event: 56418.301 Thread 0x0000020447aaca40 Thread added: 0x0000020447aabd20
Event: 56422.446 Thread 0x0000020447aab690 Thread exited: 0x0000020447aab690
Event: 56422.446 Thread 0x0000020447aabd20 Thread exited: 0x0000020447aabd20
Event: 56422.501 Thread 0x0000020447aaca40 Thread added: 0x0000020447aab690
Event: 56424.153 Thread 0x0000020447aab690 Thread exited: 0x0000020447aab690
Event: 56426.191 Thread 0x0000020447aaca40 Thread added: 0x0000020447aab690
Event: 56427.222 Thread 0x0000020447aab690 Thread exited: 0x0000020447aab690
Event: 75413.526 Thread 0x0000020447aaca40 Thread added: 0x0000020447aab690
Event: 75413.822 Thread 0x0000020447aaca40 Thread added: 0x0000020447aabd20


Dynamic libraries:
0x00007ff670800000 - 0x00007ff67080e000 	C:\Program Files\BlueJ\jdk\bin\java.exe
0x00007ffb64c00000 - 0x00007ffb64e67000 	C:\WINDOWS\SYSTEM32\ntdll.dll
0x00007ffb63bb0000 - 0x00007ffb63c79000 	C:\WINDOWS\System32\KERNEL32.DLL
0x00007ffb623e0000 - 0x00007ffb627d0000 	C:\WINDOWS\System32\KERNELBASE.dll
0x00007ffb61d30000 - 0x00007ffb61e7b000 	C:\WINDOWS\System32\ucrtbase.dll
0x00007ffb03c40000 - 0x00007ffb03c58000 	C:\Program Files\BlueJ\jdk\bin\jli.dll
0x00007ffb03bf0000 - 0x00007ffb03c0b000 	C:\Program Files\BlueJ\jdk\bin\VCRUNTIME140.dll
0x00007ffb63e40000 - 0x00007ffb64005000 	C:\WINDOWS\System32\USER32.dll
0x00007ffb442c0000 - 0x00007ffb4455a000 	C:\WINDOWS\WinSxS\amd64_microsoft.windows.common-controls_6595b64144ccf1df_6.0.26100.4768_none_3e0c112ce331287c\COMCTL32.dll
0x00007ffb62960000 - 0x00007ffb62987000 	C:\WINDOWS\System32\win32u.dll
0x00007ffb643e0000 - 0x00007ffb64489000 	C:\WINDOWS\System32\msvcrt.dll
0x00007ffb63c80000 - 0x00007ffb63cab000 	C:\WINDOWS\System32\GDI32.dll
0x00007ffb61e80000 - 0x00007ffb61fb8000 	C:\WINDOWS\System32\gdi32full.dll
0x00007ffb61fc0000 - 0x00007ffb62063000 	C:\WINDOWS\System32\msvcp_win.dll
0x00007ffb641f0000 - 0x00007ffb6421f000 	C:\WINDOWS\System32\IMM32.DLL
0x00007ffb22640000 - 0x00007ffb2264c000 	C:\Program Files\BlueJ\jdk\bin\vcruntime140_1.dll
0x00007ffaddd70000 - 0x00007ffadddfe000 	C:\Program Files\BlueJ\jdk\bin\msvcp140.dll
0x00007ffa83050000 - 0x00007ffa83dd8000 	C:\Program Files\BlueJ\jdk\bin\server\jvm.dll
0x00007ffb64130000 - 0x00007ffb641e4000 	C:\WINDOWS\System32\ADVAPI32.dll
0x00007ffb64b00000 - 0x00007ffb64ba6000 	C:\WINDOWS\System32\sechost.dll
0x00007ffb64010000 - 0x00007ffb64128000 	C:\WINDOWS\System32\RPCRT4.dll
0x00007ffb638b0000 - 0x00007ffb63924000 	C:\WINDOWS\System32\WS2_32.dll
0x00007ffb61930000 - 0x00007ffb6198e000 	C:\WINDOWS\SYSTEM32\POWRPROF.dll
0x00007ffb5ac80000 - 0x00007ffb5ac8b000 	C:\WINDOWS\SYSTEM32\VERSION.dll
0x00007ffb531e0000 - 0x00007ffb53215000 	C:\WINDOWS\SYSTEM32\WINMM.dll
0x00007ffb61750000 - 0x00007ffb61764000 	C:\WINDOWS\SYSTEM32\UMPDC.dll
0x00007ffb60ab0000 - 0x00007ffb60acb000 	C:\WINDOWS\SYSTEM32\kernel.appcore.dll
0x00007ffb03c30000 - 0x00007ffb03c3a000 	C:\Program Files\BlueJ\jdk\bin\jimage.dll
0x00007ffb5edb0000 - 0x00007ffb5eff1000 	C:\WINDOWS\SYSTEM32\DBGHELP.DLL
0x00007ffb64680000 - 0x00007ffb64a05000 	C:\WINDOWS\System32\combase.dll
0x00007ffb63a90000 - 0x00007ffb63b70000 	C:\WINDOWS\System32\OLEAUT32.dll
0x00007ffb3ff70000 - 0x00007ffb3ffb3000 	C:\WINDOWS\SYSTEM32\dbgcore.DLL
0x00007ffb62340000 - 0x00007ffb623d9000 	C:\WINDOWS\System32\bcryptPrimitives.dll
0x00007ffacf380000 - 0x00007ffacf3bc000 	C:\Program Files\BlueJ\jdk\bin\jdwp.dll
0x00007ffafffb0000 - 0x00007ffafffcf000 	C:\Program Files\BlueJ\jdk\bin\java.dll
0x00007ffb63160000 - 0x00007ffb638ad000 	C:\WINDOWS\System32\SHELL32.dll
0x00007ffb621c0000 - 0x00007ffb62333000 	C:\WINDOWS\System32\wintypes.dll
0x00007ffb5f930000 - 0x00007ffb60190000 	C:\WINDOWS\SYSTEM32\windows.storage.dll
0x00007ffb63990000 - 0x00007ffb63a85000 	C:\WINDOWS\System32\SHCORE.dll
0x00007ffb62990000 - 0x00007ffb629fa000 	C:\WINDOWS\System32\shlwapi.dll
0x00007ffb61c50000 - 0x00007ffb61c79000 	C:\WINDOWS\SYSTEM32\profapi.dll
0x00007ffacf600000 - 0x00007ffacf6d7000 	C:\Program Files\BlueJ\jdk\bin\jsvml.dll
0x00007ffaed330000 - 0x00007ffaed33b000 	C:\Program Files\BlueJ\jdk\bin\dt_shmem.dll
0x00007ffb037d0000 - 0x00007ffb037e0000 	C:\Program Files\BlueJ\jdk\bin\net.dll
0x00007ffb58730000 - 0x00007ffb5884e000 	C:\WINDOWS\SYSTEM32\WINHTTP.dll
0x00007ffb61040000 - 0x00007ffb610ab000 	C:\WINDOWS\system32\mswsock.dll
0x00007ffaff090000 - 0x00007ffaff0a6000 	C:\Program Files\BlueJ\jdk\bin\nio.dll
0x00007ffafd700000 - 0x00007ffafd718000 	C:\Program Files\BlueJ\jdk\bin\zip.dll
0x00007ffa87ba0000 - 0x00007ffa87d2e000 	C:\Program Files\BlueJ\jdk\bin\awt.dll
0x00007ffb5def0000 - 0x00007ffb5df8e000 	C:\WINDOWS\SYSTEM32\apphelp.dll
0x00007ffb5e010000 - 0x00007ffb5e0bf000 	C:\WINDOWS\system32\uxtheme.dll
0x00007ffb62ad0000 - 0x00007ffb62c31000 	C:\WINDOWS\System32\MSCTF.dll
0x00007ffb64230000 - 0x00007ffb643d0000 	C:\WINDOWS\System32\ole32.dll
0x00007ffb5f250000 - 0x00007ffb5f285000 	C:\WINDOWS\system32\DWMAPI.DLL
0x00007ffae9360000 - 0x00007ffae9478000 	C:\WINDOWS\system32\opengl32.dll
0x00007ffaefb10000 - 0x00007ffaefb3d000 	C:\WINDOWS\SYSTEM32\GLU32.dll
0x00007ffb5e110000 - 0x00007ffb5e15d000 	C:\WINDOWS\SYSTEM32\dxcore.dll
0x00007ffb61370000 - 0x00007ffb61383000 	C:\WINDOWS\SYSTEM32\msasn1.dll
0x00007ffb5ab20000 - 0x00007ffb5ab5b000 	C:\WINDOWS\SYSTEM32\cryptnet.dll
0x00007ffb627e0000 - 0x00007ffb62957000 	C:\WINDOWS\System32\CRYPT32.dll
0x00007ffb61320000 - 0x00007ffb6132c000 	C:\WINDOWS\SYSTEM32\cryptbase.dll
0x00007ffb61450000 - 0x00007ffb614bb000 	C:\WINDOWS\SYSTEM32\wldp.dll
0x00007ffb5a960000 - 0x00007ffb5aadc000 	C:\WINDOWS\SYSTEM32\drvstore.dll
0x00007ffb619a0000 - 0x00007ffb619cd000 	C:\WINDOWS\SYSTEM32\devobj.dll
0x00007ffb619d0000 - 0x00007ffb61a27000 	C:\WINDOWS\SYSTEM32\cfgmgr32.dll
0x00007ffb62070000 - 0x00007ffb620f4000 	C:\WINDOWS\System32\wintrust.dll
0x00007ffb63b80000 - 0x00007ffb63ba0000 	C:\WINDOWS\System32\imagehlp.dll
0x00007ffb61300000 - 0x00007ffb6131b000 	C:\WINDOWS\SYSTEM32\CRYPTSP.dll
0x00007ffb60a10000 - 0x00007ffb60a4b000 	C:\WINDOWS\system32\rsaenh.dll
0x00007ffb61c20000 - 0x00007ffb61c46000 	C:\WINDOWS\SYSTEM32\bcrypt.dll
0x00007ffb329d0000 - 0x00007ffb32b17000 	C:\WINDOWS\system32\nvspcap64.dll
0x00007ffb60be0000 - 0x00007ffb60c16000 	C:\WINDOWS\SYSTEM32\ntmarta.dll
0x00007ffb610b0000 - 0x00007ffb610d7000 	C:\WINDOWS\SYSTEM32\gpapi.dll
0x00007ffb2cee0000 - 0x00007ffb2d097000 	C:\WINDOWS\System32\DriverStore\FileRepository\nv_dispi.inf_amd64_7621da800da0efae\nvppex.dll

dbghelp: loaded successfully - version: 4.0.5 - missing functions: none
symbol engine: initialized successfully - sym options: 0x614 - pdb path: .;C:\Program Files\BlueJ\jdk\bin;C:\WINDOWS\SYSTEM32;C:\WINDOWS\WinSxS\amd64_microsoft.windows.common-controls_6595b64144ccf1df_6.0.26100.4768_none_3e0c112ce331287c;C:\Program Files\BlueJ\jdk\bin\server;C:\WINDOWS\System32\DriverStore\FileRepository\nv_dispi.inf_amd64_7621da800da0efae

VM Arguments:
jvm_args: -ea -agentlib:jdwp=transport=dt_shmem,address=javadebug -Dfile.encoding=UTF-8 
java_command: bluej.runtime.ExecServer UTF-8
java_class_path (initial): C:\Program Files\BlueJ\lib\bluejcore.jar;C:\Program Files\BlueJ\lib\javafx-base-21.0.3-win.jar;C:\Program Files\BlueJ\lib\javafx-controls-21.0.3-win.jar;C:\Program Files\BlueJ\lib\javafx-fxml-21.0.3-win.jar;C:\Program Files\BlueJ\lib\javafx-graphics-21.0.3-win.jar;C:\Program Files\BlueJ\lib\javafx-media-21.0.3-win.jar;C:\Program Files\BlueJ\lib\javafx-swing-21.0.3-win.jar;C:\Program Files\BlueJ\lib\javafx-web-21.0.3-win.jar;C:\Program Files\BlueJ\lib\junit-4.12.jar;C:\Program Files\BlueJ\lib\junit-jupiter-5.5.2.jar;C:\Program Files\BlueJ\lib\junit-jupiter-api-5.5.2.jar;C:\Program Files\BlueJ\lib\junit-jupiter-engine-5.5.2.jar;C:\Program Files\BlueJ\lib\junit-jupiter-params-5.5.2.jar;C:\Program Files\BlueJ\lib\junit-platform-commons-1.5.2.jar;C:\Program Files\BlueJ\lib\junit-platform-engine-1.5.2.jar;C:\Program Files\BlueJ\lib\junit-platform-launcher-1.5.2.jar;C:\Program Files\BlueJ\lib\junit-platform-suite-api-1.5.2.jar;C:\Program Files\BlueJ\lib\junit-vintage-engine-5.5.2.jar;C:\Program Files\BlueJ\lib\hamcrest-core-1.3.jar;C:\Program Files\BlueJ\lib\opentest4j-1.2.0.jar;C:\Program Files\BlueJ\lib\lang-stride.jar;C:\Program Files\BlueJ\lib\javafx\javafx.base.jar;C:\Program Files\BlueJ\lib\javafx\javafx.controls.jar;C:\Program Files\BlueJ\lib\javafx\javafx.fxml.jar;C:\Program Files\BlueJ\lib\javafx\javafx.graphics.jar;C:\Program Files\BlueJ\lib\javafx\javafx.media.jar;C:\Program Files\BlueJ\lib\javafx\javafx.properties.jar;C:\Program Files\BlueJ\lib\javafx\javafx.swing.jar;C:\Program Files\BlueJ\lib\javafx\javafx.web.jar;C:\Program Files\BlueJ\lib\userlib\huffman_toolkit.jar
Launcher Type: SUN_STANDARD

[Global flags]
     intx CICompilerCount                          = 12                                        {product} {ergonomic}
     uint ConcGCThreads                            = 3                                         {product} {ergonomic}
     uint G1ConcRefinementThreads                  = 13                                        {product} {ergonomic}
   size_t G1HeapRegionSize                         = 4194304                                   {product} {ergonomic}
    uintx GCDrainStackTargetSize                   = 64                                        {product} {ergonomic}
   size_t InitialHeapSize                          = 536870912                                 {product} {ergonomic}
   size_t MarkStackSize                            = 4194304                                   {product} {ergonomic}
   size_t MaxHeapSize                              = 8577351680                                {product} {ergonomic}
   size_t MaxNewSize                               = 5146411008                                {product} {ergonomic}
   size_t MinHeapDeltaBytes                        = 4194304                                   {product} {ergonomic}
   size_t MinHeapSize                              = 8388608                                   {product} {ergonomic}
    uintx NonNMethodCodeHeapSize                   = 7602480                                {pd product} {ergonomic}
    uintx NonProfiledCodeHeapSize                  = 122027880                              {pd product} {ergonomic}
    uintx ProfiledCodeHeapSize                     = 122027880                              {pd product} {ergonomic}
    uintx ReservedCodeCacheSize                    = 251658240                              {pd product} {ergonomic}
     bool SegmentedCodeCache                       = true                                      {product} {ergonomic}
   size_t SoftMaxHeapSize                          = 8577351680                             {manageable} {ergonomic}
     bool UseCompressedOops                        = true                           {product lp64_product} {ergonomic}
     bool UseG1GC                                  = true                                      {product} {ergonomic}
     bool UseLargePagesIndividualAllocation        = false                                  {pd product} {ergonomic}

Logging:
Log output configuration:
 #0: stdout all=warning uptime,level,tags foldmultilines=false
 #1: stderr all=off uptime,level,tags foldmultilines=false

Environment Variables:
PATH=C:\Program Files\Microsoft MPI\Bin\;C:\Program Files\Common Files\Oracle\Java\javapath;C:\Program Files (x86)\Common Files\Oracle\Java\java8path;C:\Program Files (x86)\Common Files\Oracle\Java\javapath;C:\WINDOWS\system32;C:\WINDOWS;C:\WINDOWS\System32\Wbem;C:\WINDOWS\System32\WindowsPowerShell\v1.0\;C:\WINDOWS\System32\OpenSSH\;C:\Program Files\NVIDIA Corporation\NVIDIA App\NvDLISR;C:\Program Files\playit_gg\bin\;C:\Program Files (x86)\NVIDIA Corporation\PhysX\Common;C:\Users\franc\AppData\Local\Programs\Python\Python313\Scripts\;C:\Users\franc\AppData\Local\Programs\Python\Python313\;C:\Users\franc\AppData\Local\Microsoft\WindowsApps;C:\Users\franc\AppData\Local\Programs\Microsoft VS Code\bin;C:\Users\franc\AppData\Roaming\Programs\Zero Install;C:\Users\franc\AppData\Local\GitHubDesktop\bin
USERNAME=franc
OS=Windows_NT
PROCESSOR_IDENTIFIER=AMD64 Family 23 Model 113 Stepping 0, AuthenticAMD
TMP=C:\Users\franc\AppData\Local\Temp
TEMP=C:\Users\franc\AppData\Local\Temp




Periodic native trim disabled

---------------  S Y S T E M  ---------------

OS:
 Windows 11 , 64 bit Build 26100 (10.0.26100.4768)
OS uptime: 5 days 7:09 hours
Hyper-V role detected

CPU: total 16 (initial active 16) (16 cores per cpu, 2 threads per core) family 23 model 113 stepping 0 microcode 0x8701021, cx8, cmov, fxsr, ht, mmx, 3dnowpref, sse, sse2, sse3, ssse3, sse4a, sse4.1, sse4.2, popcnt, lzcnt, tsc, tscinvbit, avx, avx2, aes, clmul, bmi1, bmi2, adx, sha, fma, vzeroupper, clflush, clflushopt, hv, rdtscp, rdpid, f16c
Processor Information for all 16 processors :
  Max Mhz: 3593, Current Mhz: 3593, Mhz Limit: 3593

Memory: 4k page, system-wide physical 32714M (16344M free)
TotalPageFile size 58759M (AvailPageFile size 11528M)
current process WorkingSet (physical memory assigned to process): 16M, peak: 55M
current process commit charge ("private bytes"): 621M, peak: 677M

vm_info: OpenJDK 64-Bit Server VM (21.0.4+7-LTS) for windows-amd64 JRE (21.0.4+7-LTS), built on 2024-07-16T00:00:00Z by "admin" with MS VC++ 17.7 (VS2022)

END.
