#
# A fatal error has been detected by the Java Runtime Environment:
#
#  EXCEPTION_ACCESS_VIOLATION (0xc0000005) at pc=0x00007ffa87c7b319, pid=24932, tid=35556
#
# JRE version: OpenJDK Runtime Environment Temurin-21.0.4+7 (21.0.4+7) (build 21.0.4+7-LTS)
# Java VM: OpenJDK 64-Bit Server VM Temurin-21.0.4+7 (21.0.4+7-LTS, mixed mode, sharing, tiered, compressed oops, compressed class ptrs, g1 gc, windows-amd64)
# Problematic frame:
# C  [awt.dll+0xdb319]
#
# No core dump will be written. Minidumps are not enabled by default on client versions of Windows
#
# If you would like to submit a bug report, please visit:
#   https://github.com/adoptium/adoptium-support/issues
# The crash happened outside the Java Virtual Machine in native code.
# See problematic frame for where to report the bug.
#

---------------  S U M M A R Y ------------

Command Line: -ea -agentlib:jdwp=transport=dt_shmem,address=javadebug -Dfile.encoding=UTF-8 bluej.runtime.ExecServer UTF-8

Host: AMD Ryzen 7 3700X 8-Core Processor             , 16 cores, 31G,  Windows 11 , 64 bit Build 26100 (10.0.26100.4768)
Time: Sat Aug 30 20:48:41 2025 ora legale Europa occidentale elapsed time: 78313.342119 seconds (0d 21h 45m 13s)

---------------  T H R E A D  ---------------

Current thread (0x000001c2a7b72200):  JavaThread "AWT-EventQueue-0"        [_thread_in_native, id=35556, stack(0x0000005702200000,0x0000005702300000) (1024K)]

Stack: [0x0000005702200000,0x0000005702300000],  sp=0x00000057022fec30,  free space=1019k
Native frames: (J=compiled Java code, j=interpreted, Vv=VM code, C=native code)
C  [awt.dll+0xdb319]

Java frames: (J=compiled Java code, j=interpreted, Vv=VM code)
j  sun.awt.Win32GraphicsConfig.getBounds(I)Ljava/awt/Rectangle;+0 java.desktop@21.0.4
j  sun.awt.Win32GraphicsConfig.getBounds()Ljava/awt/Rectangle;+8 java.desktop@21.0.4
j  sun.awt.Win32GraphicsDevice.displayChanged()V+23 java.desktop@21.0.4
j  sun.awt.Win32GraphicsEnvironment.displayChanged()V+271 java.desktop@21.0.4
j  sun.awt.windows.WToolkit.lambda$displayChanged$4()V+15 java.desktop@21.0.4
j  sun.awt.windows.WToolkit$$Lambda+0x000001c25d0728b8.run()V+0 java.desktop@21.0.4
j  java.awt.event.InvocationEvent.dispatch()V+47 java.desktop@21.0.4
j  java.awt.EventQueue.dispatchEventImpl(Ljava/awt/AWTEvent;Ljava/lang/Object;)V+21 java.desktop@21.0.4
j  java.awt.EventQueue$4.run()Ljava/lang/Void;+32 java.desktop@21.0.4
j  java.awt.EventQueue$4.run()Ljava/lang/Object;+1 java.desktop@21.0.4
j  java.security.AccessController.executePrivileged(Ljava/security/PrivilegedAction;Ljava/security/AccessControlContext;Ljava/lang/Class;)Ljava/lang/Object;+29 java.base@21.0.4
j  java.security.AccessController.doPrivileged(Ljava/security/PrivilegedAction;Ljava/security/AccessControlContext;)Ljava/lang/Object;+13 java.base@21.0.4
j  java.security.ProtectionDomain$JavaSecurityAccessImpl.doIntersectionPrivilege(Ljava/security/PrivilegedAction;Ljava/security/AccessControlContext;Ljava/security/AccessControlContext;)Ljava/lang/Object;+18 java.base@21.0.4
j  java.awt.EventQueue.dispatchEvent(Ljava/awt/AWTEvent;)V+46 java.desktop@21.0.4
j  java.awt.EventDispatchThread.pumpOneEventForFilters(I)V+81 java.desktop@21.0.4
j  java.awt.EventDispatchThread.pumpEventsForFilter(ILjava/awt/Conditional;Ljava/awt/EventFilter;)V+35 java.desktop@21.0.4
j  java.awt.EventDispatchThread.pumpEventsForHierarchy(ILjava/awt/Conditional;Ljava/awt/Component;)V+11 java.desktop@21.0.4
j  java.awt.EventDispatchThread.pumpEvents(ILjava/awt/Conditional;)V+4 java.desktop@21.0.4
j  java.awt.EventDispatchThread.pumpEvents(Ljava/awt/Conditional;)V+3 java.desktop@21.0.4
j  java.awt.EventDispatchThread.run()V+9 java.desktop@21.0.4
v  ~StubRoutines::call_stub 0x000001c2460d100d

siginfo: EXCEPTION_ACCESS_VIOLATION (0xc0000005), reading address 0x0000000000000028


Registers:
RAX=0x0000000000000000, RBX=0x000001c2a7b67560, RCX=0x0000000000000000, RDX=0x0000000000000000
RSP=0x00000057022fec30, RBP=0x0000000000000000, RSI=0x0000000000000000, RDI=0x0000000000000000
R8 =0x0000000000000001, R9 =0x0000005701eb6000, R10=0x000001c2a7b676c0, R11=0x000001c29d29b350
R12=0x0000000000000000, R13=0x000001c25b7df350, R14=0x000001c2a1138ce0, R15=0x0000000000000000
RIP=0x00007ffa87c7b319, EFLAGS=0x0000000000010246


Register to memory mapping:

RAX=0x0 is null
RBX=0x000001c2a7b67560 points into unknown readable memory: 0x000001c2a1009360 | 60 93 00 a1 c2 01 00 00
RCX=0x0 is null
RDX=0x0 is null
RSP=0x00000057022fec30 is pointing into the stack for thread: 0x000001c2a7b72200
RBP=0x0 is null
RSI=0x0 is null
RDI=0x0 is null
R8 =0x0000000000000001 is an unknown value
R9 =0x0000005701eb6000 points into unknown readable memory: 0x0000000000000000 | 00 00 00 00 00 00 00 00
R10=0x000001c2a7b676c0 points into unknown readable memory: 0x0000001e00000003 | 03 00 00 00 1e 00 00 00
R11={method} {0x000001c29d29b358} '<init>' '(IIII)V' in 'java/awt/Rectangle'
R12=0x0 is null
R13=0x000001c25b7df350 points into unknown readable memory: 0x000001c29d29b350 | 50 b3 29 9d c2 01 00 00
R14=0x000001c2a1138ce0 points into unknown readable memory: 0x000000061f139910 | 10 99 13 1f 06 00 00 00
R15=0x0 is null

Top of Stack: (sp=0x00000057022fec30)
0x00000057022fec30:   00007ffa87cda848 000001c2a7b67560
0x00000057022fec40:   000001c2a7b725b8 000001c2a7b67560
0x00000057022fec50:   000001c2a7b725b8 00007ffa87c7a6a8
0x00000057022fec60:   000001c2a7b67560 000001c2a7b67560
0x00000057022fec70:   0000000000000000 000001c2a7b725b8
0x00000057022fec80:   000000061f139e38 000001c29d285950
0x00000057022fec90:   0000000000000000 00000057022fecb0
0x00000057022feca0:   0000000000000000 0000000000000000
0x00000057022fecb0:   0000fa48c77dedb2 00000006208b5838
0x00000057022fecc0:   000001c2a7b72200 00000057022feda8
0x00000057022fecd0:   000001c29d2963f8 0000000000000000
0x00000057022fece0:   0000000000000120 0000000000000000
0x00000057022fecf0:   00000057022fed80 000001c2460e07b6
0x00000057022fed00:   00000057022fed18 000001c29d2963f8
0x00000057022fed10:   000001c2460d91b4 0000000000000000
0x00000057022fed20:   00000006208b5838 00000006209595f8
0x00000057022fed30:   00000006209595f8 00000057022fed38
0x00000057022fed40:   0000000000000000 0000000000000005
0x00000057022fed50:   000001c29d2988b8 0000000000000000
0x00000057022fed60:   000000061f13a708 000001c29d2963f8
0x00000057022fed70:   0000000000000000 00000057022feda0
0x00000057022fed80:   00000057022fedf8 000001c2460d96b9
0x00000057022fed90:   0000000000000000 000001c2460dc6fa
0x00000057022feda0:   0000000000000000 00000006209595f8
0x00000057022fedb0:   00000057022fedb0 000001c29d2964a0
0x00000057022fedc0:   0000000000000002 000001c29d2988b8
0x00000057022fedd0:   0000000000000000 000000061f13a708
0x00000057022fede0:   000001c29d2964b8 00000057022feda0
0x00000057022fedf0:   00000057022fee08 00000057022fee58
0x00000057022fee00:   000001c2460d96b9 00000006209595f8
0x00000057022fee10:   00000057022fee10 000001c29d2857a7
0x00000057022fee20:   0000000000000003 000001c29d2868c0 

Instructions: (pc=0x00007ffa87c7b319)
0x00007ffa87c7b219:   cc cc cc cc cc cc cc 48 89 5c 24 08 48 89 6c 24
0x00007ffa87c7b229:   10 48 89 74 24 18 57 48 83 ec 20 41 8b f8 0f b6
0x00007ffa87c7b239:   f2 48 8b e9 e8 0e cb f4 ff 48 8b d8 48 89 44 24
0x00007ffa87c7b249:   48 41 b8 01 00 00 00 8b d7 48 8b c8 e8 66 ca f4
0x00007ffa87c7b259:   ff 48 8b c8 44 0f b6 c6 48 8b d5 e8 97 fa ff ff
0x00007ffa87c7b269:   48 8b f8 48 8b cb e8 9c cc f4 ff 90 48 8b c7 48
0x00007ffa87c7b279:   8b 5c 24 30 48 8b 6c 24 38 48 8b 74 24 40 48 83
0x00007ffa87c7b289:   c4 20 5f c3 cc cc cc 48 8b 49 28 e9 37 07 00 00
0x00007ffa87c7b299:   cc cc cc cc cc cc cc 48 89 5c 24 08 57 48 83 ec
0x00007ffa87c7b2a9:   20 8b f9 e8 9f ca f4 ff 48 8b d8 48 89 44 24 38
0x00007ffa87c7b2b9:   41 b8 01 00 00 00 8b d7 48 8b c8 e8 f7 c9 f4 ff
0x00007ffa87c7b2c9:   48 8b 08 8b 39 48 8b cb e8 3a cc f4 ff 90 8b c7
0x00007ffa87c7b2d9:   48 8b 5c 24 30 48 83 c4 20 5f c3 cc cc cc cc cc
0x00007ffa87c7b2e9:   cc cc cc cc cc cc cc 48 89 5c 24 08 57 48 83 ec
0x00007ffa87c7b2f9:   20 8b f9 e8 4f ca f4 ff 48 8b d8 48 89 44 24 38
0x00007ffa87c7b309:   41 b8 01 00 00 00 8b d7 48 8b c8 e8 a7 c9 f4 ff
0x00007ffa87c7b319:   48 8b 78 28 48 8b cb e8 eb cb f4 ff 90 48 8b c7
0x00007ffa87c7b329:   48 8b 5c 24 30 48 83 c4 20 5f c3 cc cc cc cc cc
0x00007ffa87c7b339:   cc cc cc cc cc cc cc 48 89 5c 24 08 57 48 83 ec
0x00007ffa87c7b349:   20 8b f9 e8 ff c9 f4 ff 48 8b d8 48 89 44 24 38
0x00007ffa87c7b359:   41 b8 01 00 00 00 8b d7 48 8b c8 e8 57 c9 f4 ff
0x00007ffa87c7b369:   48 8b 78 30 48 8b cb e8 9b cb f4 ff 90 48 8b c7
0x00007ffa87c7b379:   48 8b 5c 24 30 48 83 c4 20 5f c3 cc cc cc cc cc
0x00007ffa87c7b389:   cc cc cc cc cc cc cc 48 89 5c 24 08 57 48 83 ec
0x00007ffa87c7b399:   20 8b f9 e8 af c9 f4 ff 48 8b d8 48 89 44 24 38
0x00007ffa87c7b3a9:   41 b8 01 00 00 00 8b d7 48 8b c8 e8 07 c9 f4 ff
0x00007ffa87c7b3b9:   48 8b 78 08 48 85 ff 74 07 48 8b bf 08 0c 00 00
0x00007ffa87c7b3c9:   48 8b cb e8 3f cb f4 ff 90 48 8b c7 48 8b 5c 24
0x00007ffa87c7b3d9:   30 48 83 c4 20 5f c3 f3 0f 10 41 48 c3 cc cc cc
0x00007ffa87c7b3e9:   cc cc cc cc cc cc cc f3 0f 10 41 4c c3 cc cc cc
0x00007ffa87c7b3f9:   cc cc cc cc cc cc cc 48 89 5c 24 10 48 89 6c 24
0x00007ffa87c7b409:   18 48 89 74 24 20 57 48 81 ec 20 01 00 00 48 8b 


Stack slot to memory mapping:

stack at sp + 0 slots: 0x00007ffa87cda848 awt.dll
stack at sp + 1 slots: 0x000001c2a7b67560 points into unknown readable memory: 0x000001c2a1009360 | 60 93 00 a1 c2 01 00 00
stack at sp + 2 slots: 0x000001c2a7b725b8 points into unknown readable memory: 0x00007ffa83c747b0 | b0 47 c7 83 fa 7f 00 00
stack at sp + 3 slots: 0x000001c2a7b67560 points into unknown readable memory: 0x000001c2a1009360 | 60 93 00 a1 c2 01 00 00
stack at sp + 4 slots: 0x000001c2a7b725b8 points into unknown readable memory: 0x00007ffa83c747b0 | b0 47 c7 83 fa 7f 00 00
stack at sp + 5 slots: 0x00007ffa87c7a6a8 awt.dll
stack at sp + 6 slots: 0x000001c2a7b67560 points into unknown readable memory: 0x000001c2a1009360 | 60 93 00 a1 c2 01 00 00
stack at sp + 7 slots: 0x000001c2a7b67560 points into unknown readable memory: 0x000001c2a1009360 | 60 93 00 a1 c2 01 00 00


---------------  P R O C E S S  ---------------

Threads class SMR info:
_java_thread_list=0x000001c25b6e3010, length=20, elements={
0x000001c2586b31c0, 0x000001c2586b3e20, 0x000001c2586bf020, 0x000001c2586c7b80,
0x000001c2586c8a10, 0x000001c2586c9620, 0x000001c2586ca710, 0x000001c2586ce740,
0x000001c25b68b6a0, 0x000001c25b698b40, 0x000001c25b69d150, 0x000001c25b69d7d0,
0x000001c25b6a41c0, 0x000001c2a10f4860, 0x000001c2a10fc240, 0x000001c2a110d1d0,
0x000001c2365a9680, 0x000001c2a13ac610, 0x000001c2a7b70e50, 0x000001c2a7b72200
}

Java Threads: ( => current thread )
  0x000001c2586b31c0 JavaThread "Reference Handler"          daemon [_thread_blocked, id=33880, stack(0x0000005702b00000,0x0000005702c00000) (1024K)]
  0x000001c2586b3e20 JavaThread "Finalizer"                  daemon [_thread_blocked, id=13844, stack(0x0000005702c00000,0x0000005702d00000) (1024K)]
  0x000001c2586bf020 JavaThread "Signal Dispatcher"          daemon [_thread_blocked, id=26992, stack(0x0000005702d00000,0x0000005702e00000) (1024K)]
  0x000001c2586c7b80 JavaThread "Attach Listener"            daemon [_thread_blocked, id=33372, stack(0x0000005702e00000,0x0000005702f00000) (1024K)]
  0x000001c2586c8a10 JavaThread "Service Thread"             daemon [_thread_blocked, id=28612, stack(0x0000005702f00000,0x0000005703000000) (1024K)]
  0x000001c2586c9620 JavaThread "Monitor Deflation Thread"   daemon [_thread_blocked, id=7180, stack(0x0000005703000000,0x0000005703100000) (1024K)]
  0x000001c2586ca710 JavaThread "C2 CompilerThread0"         daemon [_thread_blocked, id=34944, stack(0x0000005703100000,0x0000005703200000) (1024K)]
  0x000001c2586ce740 JavaThread "C1 CompilerThread0"         daemon [_thread_blocked, id=26476, stack(0x0000005703200000,0x0000005703300000) (1024K)]
  0x000001c25b68b6a0 JavaThread "JDWP Transport Listener: dt_shmem" daemon [_thread_blocked, id=2952, stack(0x0000005703400000,0x0000005703500000) (1024K)]
  0x000001c25b698b40 JavaThread "JDWP Event Helper Thread"   daemon [_thread_blocked, id=13836, stack(0x0000005703500000,0x0000005703600000) (1024K)]
  0x000001c25b69d150 JavaThread "JDWP Command Reader"        daemon [_thread_in_native, id=27960, stack(0x0000005703600000,0x0000005703700000) (1024K)]
  0x000001c25b69d7d0 JavaThread "Notification Thread"        daemon [_thread_blocked, id=35808, stack(0x0000005703700000,0x0000005703800000) (1024K)]
  0x000001c25b6a41c0 JavaThread "Common-Cleaner"             daemon [_thread_blocked, id=7972, stack(0x0000005703800000,0x0000005703900000) (1024K)]
  0x000001c2a10f4860 JavaThread "Java2D Disposer"            daemon [_thread_blocked, id=32164, stack(0x0000005703900000,0x0000005703a00000) (1024K)]
  0x000001c2a10fc240 JavaThread "AWT-Windows"                daemon [_thread_in_native, id=19392, stack(0x0000005703b00000,0x0000005703c00000) (1024K)]
  0x000001c2a110d1d0 JavaThread "BlueJ worker thread"               [_thread_blocked, id=32616, stack(0x0000005703d00000,0x0000005703e00000) (1024K)]
  0x000001c2365a9680 JavaThread "DestroyJavaVM"                     [_thread_blocked, id=32564, stack(0x0000005702300000,0x0000005702400000) (1024K)]
  0x000001c2a13ac610 JavaThread "main"                              [_thread_blocked, id=5136, stack(0x0000005702000000,0x0000005702100000) (1024K)]
  0x000001c2a7b70e50 JavaThread "AWT-Shutdown"                      [_thread_blocked, id=12980, stack(0x0000005702100000,0x0000005702200000) (1024K)]
=>0x000001c2a7b72200 JavaThread "AWT-EventQueue-0"                  [_thread_in_native, id=35556, stack(0x0000005702200000,0x0000005702300000) (1024K)]
Total: 20

Other Threads:
  0x000001c2341cf0e0 VMThread "VM Thread"                           [id=34432, stack(0x0000005702a00000,0x0000005702b00000) (1024K)]
  0x000001c25b520af0 WatcherThread "VM Periodic Task Thread"        [id=9620, stack(0x0000005702900000,0x0000005702a00000) (1024K)]
  0x000001c2341ce9a0 WorkerThread "GC Thread#0"                     [id=33236, stack(0x0000005702400000,0x0000005702500000) (1024K)]
  0x000001c2a177cfc0 WorkerThread "GC Thread#1"                     [id=32560, stack(0x0000005703300000,0x0000005703400000) (1024K)]
  0x000001c2a177daa0 WorkerThread "GC Thread#2"                     [id=20068, stack(0x0000005703a00000,0x0000005703b00000) (1024K)]
  0x000001c2a177b660 WorkerThread "GC Thread#3"                     [id=2080, stack(0x0000005703c00000,0x0000005703d00000) (1024K)]
  0x000001c2a177a7e0 WorkerThread "GC Thread#4"                     [id=14524, stack(0x0000005703e00000,0x0000005703f00000) (1024K)]
  0x000001c2a177d360 WorkerThread "GC Thread#5"                     [id=29280, stack(0x0000005704000000,0x0000005704100000) (1024K)]
  0x000001c2a177bda0 WorkerThread "GC Thread#6"                     [id=17292, stack(0x0000005704100000,0x0000005704200000) (1024K)]
  0x000001c2a177cc20 WorkerThread "GC Thread#7"                     [id=13572, stack(0x0000005704200000,0x0000005704300000) (1024K)]
  0x000001c2a177b2c0 WorkerThread "GC Thread#8"                     [id=18016, stack(0x0000005704300000,0x0000005704400000) (1024K)]
  0x000001c2a177d700 WorkerThread "GC Thread#9"                     [id=28624, stack(0x0000005704400000,0x0000005704500000) (1024K)]
  0x000001c2a177c880 WorkerThread "GC Thread#10"                    [id=14544, stack(0x0000005704500000,0x0000005704600000) (1024K)]
  0x000001c2a177de40 WorkerThread "GC Thread#11"                    [id=32224, stack(0x0000005704600000,0x0000005704700000) (1024K)]
  0x000001c236663220 ConcurrentGCThread "G1 Main Marker"            [id=17888, stack(0x0000005702500000,0x0000005702600000) (1024K)]
  0x000001c2341d0300 WorkerThread "G1 Conc#0"                       [id=10512, stack(0x0000005702600000,0x0000005702700000) (1024K)]
  0x000001c2585bf030 ConcurrentGCThread "G1 Refine#0"               [id=28156, stack(0x0000005702700000,0x0000005702800000) (1024K)]
  0x000001c2585c0960 ConcurrentGCThread "G1 Service"                [id=23700, stack(0x0000005702800000,0x0000005702900000) (1024K)]
Total: 18

Threads with active compile tasks:
Total: 0

VM state: not at safepoint (normal execution)

VM Mutex/Monitor currently owned by a thread: None

Heap address: 0x0000000600c00000, size: 8180 MB, Compressed Oops mode: Zero based, Oop shift amount: 3

CDS archive(s) mapped at: [0x000001c25c000000-0x000001c25cc90000-0x000001c25cc90000), size 13172736, SharedBaseAddress: 0x000001c25c000000, ArchiveRelocationMode: 1.
Compressed class space mapped at: 0x000001c25d000000-0x000001c29d000000, reserved size: 1073741824
Narrow klass base: 0x000001c25c000000, Narrow klass shift: 0, Narrow klass range: 0x100000000

GC Precious Log:
 CardTable entry size: 512
 Card Set container configuration: InlinePtr #cards 4 size 8 Array Of Cards #cards 32 size 80 Howl #buckets 8 coarsen threshold 7372 Howl Bitmap #cards 1024 size 144 coarsen threshold 921 Card regions per heap region 1 cards per card region 8192
 CPUs: 16 total, 16 available
 Memory: 32714M
 Large Page Support: Disabled
 NUMA Support: Disabled
 Compressed Oops: Enabled (Zero based)
 Heap Region Size: 4M
 Heap Min Capacity: 8M
 Heap Initial Capacity: 512M
 Heap Max Capacity: 8180M
 Pre-touch: Disabled
 Parallel Workers: 13
 Concurrent Workers: 3
 Concurrent Refinement Workers: 13
 Periodic GC: Disabled

Heap:
 garbage-first heap   total 524288K, used 2353K [0x0000000600c00000, 0x0000000800000000)
  region size 4096K, 2 young (8192K), 1 survivors (4096K)
 Metaspace       used 3144K, committed 3328K, reserved 1114112K
  class space    used 285K, committed 384K, reserved 1048576K

Heap Regions: E=young(eden), S=young(survivor), O=old, HS=humongous(starts), HC=humongous(continues), CS=collection set, F=free, TAMS=top-at-mark-start, PB=parsable bottom
|   0|0x0000000600c00000, 0x0000000600c00000, 0x0000000601000000|  0%| F|  |TAMS 0x0000000600c00000| PB 0x0000000600c00000| Untracked 
|   1|0x0000000601000000, 0x0000000601000000, 0x0000000601400000|  0%| F|  |TAMS 0x0000000601000000| PB 0x0000000601000000| Untracked 
|   2|0x0000000601400000, 0x0000000601400000, 0x0000000601800000|  0%| F|  |TAMS 0x0000000601400000| PB 0x0000000601400000| Untracked 
|   3|0x0000000601800000, 0x0000000601800000, 0x0000000601c00000|  0%| F|  |TAMS 0x0000000601800000| PB 0x0000000601800000| Untracked 
|   4|0x0000000601c00000, 0x0000000601c00000, 0x0000000602000000|  0%| F|  |TAMS 0x0000000601c00000| PB 0x0000000601c00000| Untracked 
|   5|0x0000000602000000, 0x0000000602000000, 0x0000000602400000|  0%| F|  |TAMS 0x0000000602000000| PB 0x0000000602000000| Untracked 
|   6|0x0000000602400000, 0x0000000602400000, 0x0000000602800000|  0%| F|  |TAMS 0x0000000602400000| PB 0x0000000602400000| Untracked 
|   7|0x0000000602800000, 0x0000000602800000, 0x0000000602c00000|  0%| F|  |TAMS 0x0000000602800000| PB 0x0000000602800000| Untracked 
|   8|0x0000000602c00000, 0x0000000602c00000, 0x0000000603000000|  0%| F|  |TAMS 0x0000000602c00000| PB 0x0000000602c00000| Untracked 
|   9|0x0000000603000000, 0x0000000603000000, 0x0000000603400000|  0%| F|  |TAMS 0x0000000603000000| PB 0x0000000603000000| Untracked 
|  10|0x0000000603400000, 0x0000000603400000, 0x0000000603800000|  0%| F|  |TAMS 0x0000000603400000| PB 0x0000000603400000| Untracked 
|  11|0x0000000603800000, 0x0000000603800000, 0x0000000603c00000|  0%| F|  |TAMS 0x0000000603800000| PB 0x0000000603800000| Untracked 
|  12|0x0000000603c00000, 0x0000000603c00000, 0x0000000604000000|  0%| F|  |TAMS 0x0000000603c00000| PB 0x0000000603c00000| Untracked 
|  13|0x0000000604000000, 0x0000000604000000, 0x0000000604400000|  0%| F|  |TAMS 0x0000000604000000| PB 0x0000000604000000| Untracked 
|  14|0x0000000604400000, 0x0000000604400000, 0x0000000604800000|  0%| F|  |TAMS 0x0000000604400000| PB 0x0000000604400000| Untracked 
|  15|0x0000000604800000, 0x0000000604800000, 0x0000000604c00000|  0%| F|  |TAMS 0x0000000604800000| PB 0x0000000604800000| Untracked 
|  16|0x0000000604c00000, 0x0000000604c00000, 0x0000000605000000|  0%| F|  |TAMS 0x0000000604c00000| PB 0x0000000604c00000| Untracked 
|  17|0x0000000605000000, 0x0000000605000000, 0x0000000605400000|  0%| F|  |TAMS 0x0000000605000000| PB 0x0000000605000000| Untracked 
|  18|0x0000000605400000, 0x0000000605400000, 0x0000000605800000|  0%| F|  |TAMS 0x0000000605400000| PB 0x0000000605400000| Untracked 
|  19|0x0000000605800000, 0x0000000605800000, 0x0000000605c00000|  0%| F|  |TAMS 0x0000000605800000| PB 0x0000000605800000| Untracked 
|  20|0x0000000605c00000, 0x0000000605c00000, 0x0000000606000000|  0%| F|  |TAMS 0x0000000605c00000| PB 0x0000000605c00000| Untracked 
|  21|0x0000000606000000, 0x0000000606000000, 0x0000000606400000|  0%| F|  |TAMS 0x0000000606000000| PB 0x0000000606000000| Untracked 
|  22|0x0000000606400000, 0x0000000606400000, 0x0000000606800000|  0%| F|  |TAMS 0x0000000606400000| PB 0x0000000606400000| Untracked 
|  23|0x0000000606800000, 0x0000000606800000, 0x0000000606c00000|  0%| F|  |TAMS 0x0000000606800000| PB 0x0000000606800000| Untracked 
|  24|0x0000000606c00000, 0x0000000606c00000, 0x0000000607000000|  0%| F|  |TAMS 0x0000000606c00000| PB 0x0000000606c00000| Untracked 
|  25|0x0000000607000000, 0x0000000607000000, 0x0000000607400000|  0%| F|  |TAMS 0x0000000607000000| PB 0x0000000607000000| Untracked 
|  26|0x0000000607400000, 0x0000000607400000, 0x0000000607800000|  0%| F|  |TAMS 0x0000000607400000| PB 0x0000000607400000| Untracked 
|  27|0x0000000607800000, 0x0000000607800000, 0x0000000607c00000|  0%| F|  |TAMS 0x0000000607800000| PB 0x0000000607800000| Untracked 
|  28|0x0000000607c00000, 0x0000000607c00000, 0x0000000608000000|  0%| F|  |TAMS 0x0000000607c00000| PB 0x0000000607c00000| Untracked 
|  29|0x0000000608000000, 0x0000000608000000, 0x0000000608400000|  0%| F|  |TAMS 0x0000000608000000| PB 0x0000000608000000| Untracked 
|  30|0x0000000608400000, 0x0000000608400000, 0x0000000608800000|  0%| F|  |TAMS 0x0000000608400000| PB 0x0000000608400000| Untracked 
|  31|0x0000000608800000, 0x0000000608800000, 0x0000000608c00000|  0%| F|  |TAMS 0x0000000608800000| PB 0x0000000608800000| Untracked 
|  32|0x0000000608c00000, 0x0000000608c00000, 0x0000000609000000|  0%| F|  |TAMS 0x0000000608c00000| PB 0x0000000608c00000| Untracked 
|  33|0x0000000609000000, 0x0000000609000000, 0x0000000609400000|  0%| F|  |TAMS 0x0000000609000000| PB 0x0000000609000000| Untracked 
|  34|0x0000000609400000, 0x0000000609400000, 0x0000000609800000|  0%| F|  |TAMS 0x0000000609400000| PB 0x0000000609400000| Untracked 
|  35|0x0000000609800000, 0x0000000609800000, 0x0000000609c00000|  0%| F|  |TAMS 0x0000000609800000| PB 0x0000000609800000| Untracked 
|  36|0x0000000609c00000, 0x0000000609c00000, 0x000000060a000000|  0%| F|  |TAMS 0x0000000609c00000| PB 0x0000000609c00000| Untracked 
|  37|0x000000060a000000, 0x000000060a000000, 0x000000060a400000|  0%| F|  |TAMS 0x000000060a000000| PB 0x000000060a000000| Untracked 
|  38|0x000000060a400000, 0x000000060a400000, 0x000000060a800000|  0%| F|  |TAMS 0x000000060a400000| PB 0x000000060a400000| Untracked 
|  39|0x000000060a800000, 0x000000060a800000, 0x000000060ac00000|  0%| F|  |TAMS 0x000000060a800000| PB 0x000000060a800000| Untracked 
|  40|0x000000060ac00000, 0x000000060ac00000, 0x000000060b000000|  0%| F|  |TAMS 0x000000060ac00000| PB 0x000000060ac00000| Untracked 
|  41|0x000000060b000000, 0x000000060b000000, 0x000000060b400000|  0%| F|  |TAMS 0x000000060b000000| PB 0x000000060b000000| Untracked 
|  42|0x000000060b400000, 0x000000060b400000, 0x000000060b800000|  0%| F|  |TAMS 0x000000060b400000| PB 0x000000060b400000| Untracked 
|  43|0x000000060b800000, 0x000000060b800000, 0x000000060bc00000|  0%| F|  |TAMS 0x000000060b800000| PB 0x000000060b800000| Untracked 
|  44|0x000000060bc00000, 0x000000060bc00000, 0x000000060c000000|  0%| F|  |TAMS 0x000000060bc00000| PB 0x000000060bc00000| Untracked 
|  45|0x000000060c000000, 0x000000060c000000, 0x000000060c400000|  0%| F|  |TAMS 0x000000060c000000| PB 0x000000060c000000| Untracked 
|  46|0x000000060c400000, 0x000000060c400000, 0x000000060c800000|  0%| F|  |TAMS 0x000000060c400000| PB 0x000000060c400000| Untracked 
|  47|0x000000060c800000, 0x000000060c800000, 0x000000060cc00000|  0%| F|  |TAMS 0x000000060c800000| PB 0x000000060c800000| Untracked 
|  48|0x000000060cc00000, 0x000000060cc00000, 0x000000060d000000|  0%| F|  |TAMS 0x000000060cc00000| PB 0x000000060cc00000| Untracked 
|  49|0x000000060d000000, 0x000000060d000000, 0x000000060d400000|  0%| F|  |TAMS 0x000000060d000000| PB 0x000000060d000000| Untracked 
|  50|0x000000060d400000, 0x000000060d400000, 0x000000060d800000|  0%| F|  |TAMS 0x000000060d400000| PB 0x000000060d400000| Untracked 
|  51|0x000000060d800000, 0x000000060d800000, 0x000000060dc00000|  0%| F|  |TAMS 0x000000060d800000| PB 0x000000060d800000| Untracked 
|  52|0x000000060dc00000, 0x000000060dc00000, 0x000000060e000000|  0%| F|  |TAMS 0x000000060dc00000| PB 0x000000060dc00000| Untracked 
|  53|0x000000060e000000, 0x000000060e000000, 0x000000060e400000|  0%| F|  |TAMS 0x000000060e000000| PB 0x000000060e000000| Untracked 
|  54|0x000000060e400000, 0x000000060e400000, 0x000000060e800000|  0%| F|  |TAMS 0x000000060e400000| PB 0x000000060e400000| Untracked 
|  55|0x000000060e800000, 0x000000060e800000, 0x000000060ec00000|  0%| F|  |TAMS 0x000000060e800000| PB 0x000000060e800000| Untracked 
|  56|0x000000060ec00000, 0x000000060ec00000, 0x000000060f000000|  0%| F|  |TAMS 0x000000060ec00000| PB 0x000000060ec00000| Untracked 
|  57|0x000000060f000000, 0x000000060f000000, 0x000000060f400000|  0%| F|  |TAMS 0x000000060f000000| PB 0x000000060f000000| Untracked 
|  58|0x000000060f400000, 0x000000060f400000, 0x000000060f800000|  0%| F|  |TAMS 0x000000060f400000| PB 0x000000060f400000| Untracked 
|  59|0x000000060f800000, 0x000000060f800000, 0x000000060fc00000|  0%| F|  |TAMS 0x000000060f800000| PB 0x000000060f800000| Untracked 
|  60|0x000000060fc00000, 0x000000060fc00000, 0x0000000610000000|  0%| F|  |TAMS 0x000000060fc00000| PB 0x000000060fc00000| Untracked 
|  61|0x0000000610000000, 0x0000000610000000, 0x0000000610400000|  0%| F|  |TAMS 0x0000000610000000| PB 0x0000000610000000| Untracked 
|  62|0x0000000610400000, 0x0000000610400000, 0x0000000610800000|  0%| F|  |TAMS 0x0000000610400000| PB 0x0000000610400000| Untracked 
|  63|0x0000000610800000, 0x0000000610800000, 0x0000000610c00000|  0%| F|  |TAMS 0x0000000610800000| PB 0x0000000610800000| Untracked 
|  64|0x0000000610c00000, 0x0000000610c00000, 0x0000000611000000|  0%| F|  |TAMS 0x0000000610c00000| PB 0x0000000610c00000| Untracked 
|  65|0x0000000611000000, 0x0000000611000000, 0x0000000611400000|  0%| F|  |TAMS 0x0000000611000000| PB 0x0000000611000000| Untracked 
|  66|0x0000000611400000, 0x0000000611400000, 0x0000000611800000|  0%| F|  |TAMS 0x0000000611400000| PB 0x0000000611400000| Untracked 
|  67|0x0000000611800000, 0x0000000611800000, 0x0000000611c00000|  0%| F|  |TAMS 0x0000000611800000| PB 0x0000000611800000| Untracked 
|  68|0x0000000611c00000, 0x0000000611c00000, 0x0000000612000000|  0%| F|  |TAMS 0x0000000611c00000| PB 0x0000000611c00000| Untracked 
|  69|0x0000000612000000, 0x0000000612000000, 0x0000000612400000|  0%| F|  |TAMS 0x0000000612000000| PB 0x0000000612000000| Untracked 
|  70|0x0000000612400000, 0x0000000612400000, 0x0000000612800000|  0%| F|  |TAMS 0x0000000612400000| PB 0x0000000612400000| Untracked 
|  71|0x0000000612800000, 0x0000000612800000, 0x0000000612c00000|  0%| F|  |TAMS 0x0000000612800000| PB 0x0000000612800000| Untracked 
|  72|0x0000000612c00000, 0x0000000612c00000, 0x0000000613000000|  0%| F|  |TAMS 0x0000000612c00000| PB 0x0000000612c00000| Untracked 
|  73|0x0000000613000000, 0x0000000613000000, 0x0000000613400000|  0%| F|  |TAMS 0x0000000613000000| PB 0x0000000613000000| Untracked 
|  74|0x0000000613400000, 0x0000000613400000, 0x0000000613800000|  0%| F|  |TAMS 0x0000000613400000| PB 0x0000000613400000| Untracked 
|  75|0x0000000613800000, 0x0000000613800000, 0x0000000613c00000|  0%| F|  |TAMS 0x0000000613800000| PB 0x0000000613800000| Untracked 
|  76|0x0000000613c00000, 0x0000000613c00000, 0x0000000614000000|  0%| F|  |TAMS 0x0000000613c00000| PB 0x0000000613c00000| Untracked 
|  77|0x0000000614000000, 0x0000000614000000, 0x0000000614400000|  0%| F|  |TAMS 0x0000000614000000| PB 0x0000000614000000| Untracked 
|  78|0x0000000614400000, 0x0000000614400000, 0x0000000614800000|  0%| F|  |TAMS 0x0000000614400000| PB 0x0000000614400000| Untracked 
|  79|0x0000000614800000, 0x0000000614800000, 0x0000000614c00000|  0%| F|  |TAMS 0x0000000614800000| PB 0x0000000614800000| Untracked 
|  80|0x0000000614c00000, 0x0000000614c00000, 0x0000000615000000|  0%| F|  |TAMS 0x0000000614c00000| PB 0x0000000614c00000| Untracked 
|  81|0x0000000615000000, 0x0000000615000000, 0x0000000615400000|  0%| F|  |TAMS 0x0000000615000000| PB 0x0000000615000000| Untracked 
|  82|0x0000000615400000, 0x0000000615400000, 0x0000000615800000|  0%| F|  |TAMS 0x0000000615400000| PB 0x0000000615400000| Untracked 
|  83|0x0000000615800000, 0x0000000615800000, 0x0000000615c00000|  0%| F|  |TAMS 0x0000000615800000| PB 0x0000000615800000| Untracked 
|  84|0x0000000615c00000, 0x0000000615c00000, 0x0000000616000000|  0%| F|  |TAMS 0x0000000615c00000| PB 0x0000000615c00000| Untracked 
|  85|0x0000000616000000, 0x0000000616000000, 0x0000000616400000|  0%| F|  |TAMS 0x0000000616000000| PB 0x0000000616000000| Untracked 
|  86|0x0000000616400000, 0x0000000616400000, 0x0000000616800000|  0%| F|  |TAMS 0x0000000616400000| PB 0x0000000616400000| Untracked 
|  87|0x0000000616800000, 0x0000000616800000, 0x0000000616c00000|  0%| F|  |TAMS 0x0000000616800000| PB 0x0000000616800000| Untracked 
|  88|0x0000000616c00000, 0x0000000616c00000, 0x0000000617000000|  0%| F|  |TAMS 0x0000000616c00000| PB 0x0000000616c00000| Untracked 
|  89|0x0000000617000000, 0x0000000617000000, 0x0000000617400000|  0%| F|  |TAMS 0x0000000617000000| PB 0x0000000617000000| Untracked 
|  90|0x0000000617400000, 0x0000000617400000, 0x0000000617800000|  0%| F|  |TAMS 0x0000000617400000| PB 0x0000000617400000| Untracked 
|  91|0x0000000617800000, 0x0000000617800000, 0x0000000617c00000|  0%| F|  |TAMS 0x0000000617800000| PB 0x0000000617800000| Untracked 
|  92|0x0000000617c00000, 0x0000000617c00000, 0x0000000618000000|  0%| F|  |TAMS 0x0000000617c00000| PB 0x0000000617c00000| Untracked 
|  93|0x0000000618000000, 0x0000000618000000, 0x0000000618400000|  0%| F|  |TAMS 0x0000000618000000| PB 0x0000000618000000| Untracked 
|  94|0x0000000618400000, 0x0000000618400000, 0x0000000618800000|  0%| F|  |TAMS 0x0000000618400000| PB 0x0000000618400000| Untracked 
|  95|0x0000000618800000, 0x0000000618800000, 0x0000000618c00000|  0%| F|  |TAMS 0x0000000618800000| PB 0x0000000618800000| Untracked 
|  96|0x0000000618c00000, 0x0000000618c00000, 0x0000000619000000|  0%| F|  |TAMS 0x0000000618c00000| PB 0x0000000618c00000| Untracked 
|  97|0x0000000619000000, 0x0000000619000000, 0x0000000619400000|  0%| F|  |TAMS 0x0000000619000000| PB 0x0000000619000000| Untracked 
|  98|0x0000000619400000, 0x0000000619400000, 0x0000000619800000|  0%| F|  |TAMS 0x0000000619400000| PB 0x0000000619400000| Untracked 
|  99|0x0000000619800000, 0x0000000619800000, 0x0000000619c00000|  0%| F|  |TAMS 0x0000000619800000| PB 0x0000000619800000| Untracked 
| 100|0x0000000619c00000, 0x0000000619c00000, 0x000000061a000000|  0%| F|  |TAMS 0x0000000619c00000| PB 0x0000000619c00000| Untracked 
| 101|0x000000061a000000, 0x000000061a000000, 0x000000061a400000|  0%| F|  |TAMS 0x000000061a000000| PB 0x000000061a000000| Untracked 
| 102|0x000000061a400000, 0x000000061a400000, 0x000000061a800000|  0%| F|  |TAMS 0x000000061a400000| PB 0x000000061a400000| Untracked 
| 103|0x000000061a800000, 0x000000061a800000, 0x000000061ac00000|  0%| F|  |TAMS 0x000000061a800000| PB 0x000000061a800000| Untracked 
| 104|0x000000061ac00000, 0x000000061ac00000, 0x000000061b000000|  0%| F|  |TAMS 0x000000061ac00000| PB 0x000000061ac00000| Untracked 
| 105|0x000000061b000000, 0x000000061b000000, 0x000000061b400000|  0%| F|  |TAMS 0x000000061b000000| PB 0x000000061b000000| Untracked 
| 106|0x000000061b400000, 0x000000061b400000, 0x000000061b800000|  0%| F|  |TAMS 0x000000061b400000| PB 0x000000061b400000| Untracked 
| 107|0x000000061b800000, 0x000000061b800000, 0x000000061bc00000|  0%| F|  |TAMS 0x000000061b800000| PB 0x000000061b800000| Untracked 
| 108|0x000000061bc00000, 0x000000061bc00000, 0x000000061c000000|  0%| F|  |TAMS 0x000000061bc00000| PB 0x000000061bc00000| Untracked 
| 109|0x000000061c000000, 0x000000061c000000, 0x000000061c400000|  0%| F|  |TAMS 0x000000061c000000| PB 0x000000061c000000| Untracked 
| 110|0x000000061c400000, 0x000000061c400000, 0x000000061c800000|  0%| F|  |TAMS 0x000000061c400000| PB 0x000000061c400000| Untracked 
| 111|0x000000061c800000, 0x000000061c800000, 0x000000061cc00000|  0%| F|  |TAMS 0x000000061c800000| PB 0x000000061c800000| Untracked 
| 112|0x000000061cc00000, 0x000000061cc00000, 0x000000061d000000|  0%| F|  |TAMS 0x000000061cc00000| PB 0x000000061cc00000| Untracked 
| 113|0x000000061d000000, 0x000000061d000000, 0x000000061d400000|  0%| F|  |TAMS 0x000000061d000000| PB 0x000000061d000000| Untracked 
| 114|0x000000061d400000, 0x000000061d400000, 0x000000061d800000|  0%| F|  |TAMS 0x000000061d400000| PB 0x000000061d400000| Untracked 
| 115|0x000000061d800000, 0x000000061d800000, 0x000000061dc00000|  0%| F|  |TAMS 0x000000061d800000| PB 0x000000061d800000| Untracked 
| 116|0x000000061dc00000, 0x000000061dc00000, 0x000000061e000000|  0%| F|  |TAMS 0x000000061dc00000| PB 0x000000061dc00000| Untracked 
| 117|0x000000061e000000, 0x000000061e000000, 0x000000061e400000|  0%| F|  |TAMS 0x000000061e000000| PB 0x000000061e000000| Untracked 
| 118|0x000000061e400000, 0x000000061e400000, 0x000000061e800000|  0%| F|  |TAMS 0x000000061e400000| PB 0x000000061e400000| Untracked 
| 119|0x000000061e800000, 0x000000061e800000, 0x000000061ec00000|  0%| F|  |TAMS 0x000000061e800000| PB 0x000000061e800000| Untracked 
| 120|0x000000061ec00000, 0x000000061ec00000, 0x000000061f000000|  0%| F|  |TAMS 0x000000061ec00000| PB 0x000000061ec00000| Untracked 
| 121|0x000000061f000000, 0x000000061f24c5b8, 0x000000061f400000| 57%| S|CS|TAMS 0x000000061f000000| PB 0x000000061f000000| Complete 
| 122|0x000000061f400000, 0x000000061f400000, 0x000000061f800000|  0%| F|  |TAMS 0x000000061f400000| PB 0x000000061f400000| Untracked 
| 123|0x000000061f800000, 0x000000061f800000, 0x000000061fc00000|  0%| F|  |TAMS 0x000000061f800000| PB 0x000000061f800000| Untracked 
| 124|0x000000061fc00000, 0x000000061fc00000, 0x0000000620000000|  0%| F|  |TAMS 0x000000061fc00000| PB 0x000000061fc00000| Untracked 
| 125|0x0000000620000000, 0x0000000620000000, 0x0000000620400000|  0%| F|  |TAMS 0x0000000620000000| PB 0x0000000620000000| Untracked 
| 126|0x0000000620400000, 0x0000000620400000, 0x0000000620800000|  0%| F|  |TAMS 0x0000000620400000| PB 0x0000000620400000| Untracked 
| 127|0x0000000620800000, 0x0000000620974998, 0x0000000620c00000| 36%| E|  |TAMS 0x0000000620800000| PB 0x0000000620800000| Complete 

Card table byte_map: [0x000001c24f500000,0x000001c250500000] _byte_map_base: 0x000001c24c4fa000

Marking Bits: (CMBitMap*) 0x000001c236655aa0
 Bits: [0x000001c250500000, 0x000001c2584d0000)

Polling page: 0x000001c234750000

Metaspace:

Usage:
  Non-class:      2.79 MB used.
      Class:    285.54 KB used.
       Both:      3.07 MB used.

Virtual space:
  Non-class space:       64.00 MB reserved,       2.88 MB (  4%) committed,  1 nodes.
      Class space:        1.00 GB reserved,     384.00 KB ( <1%) committed,  1 nodes.
             Both:        1.06 GB reserved,       3.25 MB ( <1%) committed. 

Chunk freelists:
   Non-Class:  11.82 MB
       Class:  15.68 MB
        Both:  27.51 MB

MaxMetaspaceSize: unlimited
CompressedClassSpaceSize: 1.00 GB
Initial GC threshold: 21.00 MB
Current GC threshold: 21.00 MB
CDS: on
 - commit_granule_bytes: 65536.
 - commit_granule_words: 8192.
 - virtual_space_node_default_size: 8388608.
 - enlarge_chunks_in_place: 1.
 - use_allocation_guard: 0.


Internal statistics:

num_allocs_failed_limit: 0.
num_arena_births: 100.
num_arena_deaths: 0.
num_vsnodes_births: 2.
num_vsnodes_deaths: 0.
num_space_committed: 52.
num_space_uncommitted: 0.
num_chunks_returned_to_freelist: 0.
num_chunks_taken_from_freelist: 127.
num_chunk_merges: 0.
num_chunk_splits: 79.
num_chunks_enlarged: 36.
num_inconsistent_stats: 0.

CodeHeap 'non-profiled nmethods': size=119168Kb used=186Kb max_used=186Kb free=118981Kb
 bounds [0x000001c246820000, 0x000001c246a90000, 0x000001c24dc80000]
CodeHeap 'profiled nmethods': size=119104Kb used=1082Kb max_used=1082Kb free=118021Kb
 bounds [0x000001c23ec80000, 0x000001c23eef0000, 0x000001c2460d0000]
CodeHeap 'non-nmethods': size=7488Kb used=1454Kb max_used=2021Kb free=6034Kb
 bounds [0x000001c2460d0000, 0x000001c246340000, 0x000001c246820000]
 total_blobs=1172 nmethods=685 adapters=392
 compilation: enabled
              stopped_count=0, restarted_count=0
 full_count=0

Compilation events (20 events):
Event: 51436.464 Thread 0x000001c2586ce740  675  s    3       sun.awt.Win32GraphicsConfig::displayChanged (6 bytes)
Event: 51436.464 Thread 0x000001c2586ce740 nmethod 675 0x000001c23ed8d410 code [0x000001c23ed8d5a0, 0x000001c23ed8d798]
Event: 59315.131 Thread 0x000001c2586ce740  676       3       java.util.WeakHashMap::size (18 bytes)
Event: 59315.131 Thread 0x000001c2586ce740 nmethod 676 0x000001c23ed8d810 code [0x000001c23ed8d9c0, 0x000001c23ed8db78]
Event: 59320.875 Thread 0x000001c2586ce740  677       3       java.lang.invoke.DirectMethodHandle::internalMemberName (8 bytes)
Event: 59320.875 Thread 0x000001c2586ce740 nmethod 677 0x000001c23ed8dc10 code [0x000001c23ed8dda0, 0x000001c23ed8df90]
Event: 59320.909 Thread 0x000001c2586ce740  678       3       java.lang.Float::isNaN (12 bytes)
Event: 59320.909 Thread 0x000001c2586ce740 nmethod 678 0x000001c23ed8e090 code [0x000001c23ed8e220, 0x000001c23ed8e388]
Event: 59320.909 Thread 0x000001c2586ce740  679       3       java.util.HashMap::tableSizeFor (32 bytes)
Event: 59320.910 Thread 0x000001c2586ce740 nmethod 679 0x000001c23ed8e410 code [0x000001c23ed8e5c0, 0x000001c23ed8e7d8]
Event: 71360.095 Thread 0x000001c2586ca710  681       4       jdk.internal.misc.Unsafe::weakCompareAndSetInt (11 bytes)
Event: 71360.096 Thread 0x000001c2586ca710 nmethod 681 0x000001c24684d990 code [0x000001c24684db00, 0x000001c24684db98]
Event: 75080.588 Thread 0x000001c2586ca710  682       4       jdk.internal.misc.InnocuousThread::eraseThreadLocals (23 bytes)
Event: 75080.589 Thread 0x000001c2586ca710 nmethod 682 0x000001c24684dc90 code [0x000001c24684de00, 0x000001c24684df38]
Event: 75560.654 Thread 0x000001c2586ca710  683       4       java.util.concurrent.locks.AbstractQueuedSynchronizer$Node::setStatusRelaxed (12 bytes)
Event: 75560.654 Thread 0x000001c2586ca710 nmethod 683 0x000001c24684df90 code [0x000001c24684e100, 0x000001c24684e190]
Event: 75680.679 Thread 0x000001c2586ca710  684       4       jdk.internal.misc.Unsafe::putIntOpaque (9 bytes)
Event: 75680.680 Thread 0x000001c2586ca710 nmethod 684 0x000001c24684e290 code [0x000001c24684e400, 0x000001c24684e498]
Event: 78313.330 Thread 0x000001c2586ce740  685       1       java.util.concurrent.atomic.AtomicInteger::get (5 bytes)
Event: 78313.331 Thread 0x000001c2586ce740 nmethod 685 0x000001c24684e590 code [0x000001c24684e720, 0x000001c24684e7e8]

GC Heap History (2 events):
Event: 51437.470 GC heap before
{Heap before GC invocations=0 (full 0):
 garbage-first heap   total 524288K, used 24576K [0x0000000600c00000, 0x0000000800000000)
  region size 4096K, 6 young (24576K), 0 survivors (0K)
 Metaspace       used 3142K, committed 3328K, reserved 1114112K
  class space    used 285K, committed 384K, reserved 1048576K
}
Event: 51437.480 GC heap after
{Heap after GC invocations=1 (full 0):
 garbage-first heap   total 524288K, used 2353K [0x0000000600c00000, 0x0000000800000000)
  region size 4096K, 1 young (4096K), 1 survivors (4096K)
 Metaspace       used 3142K, committed 3328K, reserved 1114112K
  class space    used 285K, committed 384K, reserved 1048576K
}

Dll operation events (7 events):
Event: 0.011 Loaded shared library C:\Program Files\BlueJ\jdk\bin\java.dll
Event: 0.050 Loaded shared library C:\Program Files\BlueJ\jdk\bin\jsvml.dll
Event: 0.399 Loaded shared library C:\Program Files\BlueJ\jdk\bin\net.dll
Event: 0.402 Loaded shared library C:\Program Files\BlueJ\jdk\bin\nio.dll
Event: 0.419 Loaded shared library C:\Program Files\BlueJ\jdk\bin\zip.dll
Event: 0.477 Loaded shared library C:\Program Files\BlueJ\jdk\bin\jimage.dll
Event: 0.482 Loaded shared library C:\Program Files\BlueJ\jdk\bin\awt.dll

Deoptimization events (20 events):
Event: 4878.102 Thread 0x000001c25b6e37e0 DEOPT PACKING pc=0x000001c23ed545a4 sp=0x00000057020ff240
Event: 4878.102 Thread 0x000001c25b6e37e0 DEOPT UNPACKING pc=0x000001c246124e42 sp=0x00000057020fe6b0 mode 1
Event: 4878.103 Thread 0x000001c25b6e37e0 DEOPT PACKING pc=0x000001c23ed545a4 sp=0x00000057020fefc0
Event: 4878.103 Thread 0x000001c25b6e37e0 DEOPT UNPACKING pc=0x000001c246124e42 sp=0x00000057020fe420 mode 1
Event: 4878.103 Thread 0x000001c25b6e37e0 DEOPT PACKING pc=0x000001c23ed25064 sp=0x00000057020ff050
Event: 4878.103 Thread 0x000001c25b6e37e0 DEOPT UNPACKING pc=0x000001c246124e42 sp=0x00000057020fe530 mode 1
Event: 4878.103 Thread 0x000001c25b6e37e0 DEOPT PACKING pc=0x000001c23ed545a4 sp=0x00000057020ff240
Event: 4878.103 Thread 0x000001c25b6e37e0 DEOPT UNPACKING pc=0x000001c246124e42 sp=0x00000057020fe6b0 mode 1
Event: 4878.103 Thread 0x000001c25b6e37e0 DEOPT PACKING pc=0x000001c23ed545a4 sp=0x00000057020fefc0
Event: 4878.103 Thread 0x000001c25b6e37e0 DEOPT UNPACKING pc=0x000001c246124e42 sp=0x00000057020fe420 mode 1
Event: 4878.103 Thread 0x000001c25b6e37e0 DEOPT PACKING pc=0x000001c23ed25064 sp=0x00000057020ff050
Event: 4878.103 Thread 0x000001c25b6e37e0 DEOPT UNPACKING pc=0x000001c246124e42 sp=0x00000057020fe530 mode 1
Event: 4878.103 Thread 0x000001c25b6e37e0 DEOPT PACKING pc=0x000001c23ed545a4 sp=0x00000057020ff240
Event: 4878.103 Thread 0x000001c25b6e37e0 DEOPT UNPACKING pc=0x000001c246124e42 sp=0x00000057020fe6b0 mode 1
Event: 4878.103 Thread 0x000001c25b6e37e0 DEOPT PACKING pc=0x000001c23ed545a4 sp=0x00000057020fefc0
Event: 4878.103 Thread 0x000001c25b6e37e0 DEOPT UNPACKING pc=0x000001c246124e42 sp=0x00000057020fe420 mode 1
Event: 4878.103 Thread 0x000001c25b6e37e0 DEOPT PACKING pc=0x000001c23ed25064 sp=0x00000057020ff050
Event: 4878.103 Thread 0x000001c25b6e37e0 DEOPT UNPACKING pc=0x000001c246124e42 sp=0x00000057020fe530 mode 1
Event: 4878.103 Thread 0x000001c25b6e37e0 DEOPT PACKING pc=0x000001c23ed545a4 sp=0x00000057020ff240
Event: 4878.103 Thread 0x000001c25b6e37e0 DEOPT UNPACKING pc=0x000001c246124e42 sp=0x00000057020fe6b0 mode 1

Classes loaded (20 events):
Event: 17213.680 Loading class sun/java2d/d3d/D3DGraphicsConfig$D3DImageCaps
Event: 17213.680 Loading class sun/java2d/d3d/D3DGraphicsConfig$D3DImageCaps done
Event: 17213.681 Loading class java/awt/Rectangle
Event: 17213.681 Loading class java/awt/Shape
Event: 17213.681 Loading class java/awt/Shape done
Event: 17213.681 Loading class java/awt/geom/Rectangle2D
Event: 17213.681 Loading class java/awt/geom/RectangularShape
Event: 17213.681 Loading class java/awt/geom/RectangularShape done
Event: 17213.681 Loading class java/awt/geom/Rectangle2D done
Event: 17213.681 Loading class java/awt/Rectangle done
Event: 17213.682 Loading class java/util/WeakHashMap$KeyIterator
Event: 17213.682 Loading class java/util/WeakHashMap$HashIterator
Event: 17213.682 Loading class java/util/WeakHashMap$HashIterator done
Event: 17213.682 Loading class java/util/WeakHashMap$KeyIterator done
Event: 17215.798 Loading class sun/awt/AppContext$PostShutdownEventRunnable
Event: 17215.798 Loading class sun/awt/AppContext$PostShutdownEventRunnable done
Event: 17215.798 Loading class sun/awt/AWTAutoShutdown$1
Event: 17215.798 Loading class sun/awt/AWTAutoShutdown$1 done
Event: 43449.404 Loading class java/util/ArrayList$ListItr
Event: 43449.404 Loading class java/util/ArrayList$ListItr done

Classes unloaded (0 events):
No events

Classes redefined (0 events):
No events

Internal exceptions (7 events):
Event: 0.466 Thread 0x000001c2365a9680 Exception <a 'java/lang/ClassNotFoundException'{0x00000006204cc488}: sun/awt/resources/spi/awtProvider> (0x00000006204cc488) 
thrown [s\src\hotspot\share\classfile\systemDictionary.cpp, line 312]
Event: 0.494 Thread 0x000001c2365a9680 Exception <a 'java/io/FileNotFoundException'{0x000000062052f568}> (0x000000062052f568) 
thrown [s\src\hotspot\share\prims\jni.cpp, line 520]
Event: 0.521 Thread 0x000001c2365a9680 Exception <a 'java/io/FileNotFoundException'{0x000000062055a0d0}> (0x000000062055a0d0) 
thrown [s\src\hotspot\share\prims\jni.cpp, line 520]
Event: 4491.002 Thread 0x000001c2a10fab90 Exception <a 'java/lang/NoSuchMethodError'{0x00000006201260f8}: 'void java.lang.invoke.DirectMethodHandle$Holder.invokeStatic(java.lang.Object, java.lang.Object)'> (0x00000006201260f8) 
thrown [s\src\hotspot\share\interpreter\linkResolver.cpp, line 773]
Event: 4491.005 Thread 0x000001c2a10fab90 Exception <a 'java/lang/ArrayIndexOutOfBoundsException'{0x000000062012dce8}: Index 4 out of bounds for length 4> (0x000000062012dce8) 
thrown [s\src\hotspot\share\interpreter\interpreterRuntime.cpp, line 439]
Event: 4576.352 Thread 0x000001c2a10aae10 Exception <a 'java/lang/ArrayIndexOutOfBoundsException'{0x0000000620217068}: Index 4 out of bounds for length 4> (0x0000000620217068) 
thrown [s\src\hotspot\share\interpreter\interpreterRuntime.cpp, line 439]
Event: 4611.244 Thread 0x000001c2a10aae10 Exception <a 'java/lang/ArrayIndexOutOfBoundsException'{0x000000062030ceb8}: Index 4 out of bounds for length 4> (0x000000062030ceb8) 
thrown [s\src\hotspot\share\interpreter\interpreterRuntime.cpp, line 439]

ZGC Phase Switch (0 events):
No events

VM Operations (20 events):
Event: 45263.811 Executing VM operation: Cleanup
Event: 45263.811 Executing VM operation: Cleanup done
Event: 45278.743 Executing VM operation: HandshakeAllThreads (HandshakeForDeflation)
Event: 45278.743 Executing VM operation: HandshakeAllThreads (HandshakeForDeflation) done
Event: 45278.743 Executing VM operation: RendezvousGCThreads
Event: 45278.743 Executing VM operation: RendezvousGCThreads done
Event: 45880.504 Executing VM operation: HandshakeAllThreads (HandshakeForDeflation)
Event: 45880.504 Executing VM operation: HandshakeAllThreads (HandshakeForDeflation) done
Event: 45880.504 Executing VM operation: RendezvousGCThreads
Event: 45880.504 Executing VM operation: RendezvousGCThreads done
Event: 51437.469 Executing VM operation: G1CollectForAllocation (G1 Evacuation Pause)
Event: 51437.481 Executing VM operation: G1CollectForAllocation (G1 Evacuation Pause) done
Event: 51472.135 Executing VM operation: HandshakeAllThreads (HandshakeForDeflation)
Event: 51472.136 Executing VM operation: HandshakeAllThreads (HandshakeForDeflation) done
Event: 51472.136 Executing VM operation: RendezvousGCThreads
Event: 51472.136 Executing VM operation: RendezvousGCThreads done
Event: 59348.963 Executing VM operation: HandshakeAllThreads (HandshakeForDeflation)
Event: 59348.963 Executing VM operation: HandshakeAllThreads (HandshakeForDeflation) done
Event: 59348.963 Executing VM operation: RendezvousGCThreads
Event: 59348.963 Executing VM operation: RendezvousGCThreads done

Memory protections (0 events):
No events

Nmethod flushes (0 events):
No events

Events (20 events):
Event: 51435.545 Thread 0x000001c2a10fc240 Thread added: 0x000001c2a7b73c40
Event: 51435.846 Thread 0x000001c2a10fc240 Thread added: 0x000001c2a7b72200
Event: 51437.481 Thread 0x000001c2a7b73c40 Thread exited: 0x000001c2a7b73c40
Event: 51437.481 Thread 0x000001c2a7b72200 Thread exited: 0x000001c2a7b72200
Event: 51437.708 Thread 0x000001c2a10fc240 Thread added: 0x000001c2a7b707c0
Event: 51438.739 Thread 0x000001c2a7b707c0 Thread exited: 0x000001c2a7b707c0
Event: 59313.639 Thread 0x000001c2a10fc240 Thread added: 0x000001c2a7b71b70
Event: 59314.200 Thread 0x000001c2a10fc240 Thread added: 0x000001c2a7b72200
Event: 59316.143 Thread 0x000001c2a7b72200 Thread exited: 0x000001c2a7b72200
Event: 59316.143 Thread 0x000001c2a7b71b70 Thread exited: 0x000001c2a7b71b70
Event: 59316.495 Thread 0x000001c2a10fc240 Thread added: 0x000001c2a7b707c0
Event: 59317.810 Thread 0x000001c2a10fc240 Thread added: 0x000001c2a7b72200
Event: 59321.924 Thread 0x000001c2a7b707c0 Thread exited: 0x000001c2a7b707c0
Event: 59321.924 Thread 0x000001c2a7b72200 Thread exited: 0x000001c2a7b72200
Event: 59322.009 Thread 0x000001c2a10fc240 Thread added: 0x000001c2a7b714e0
Event: 59323.662 Thread 0x000001c2a7b714e0 Thread exited: 0x000001c2a7b714e0
Event: 59325.700 Thread 0x000001c2a10fc240 Thread added: 0x000001c2a7b72f20
Event: 59326.730 Thread 0x000001c2a7b72f20 Thread exited: 0x000001c2a7b72f20
Event: 78313.035 Thread 0x000001c2a10fc240 Thread added: 0x000001c2a7b70e50
Event: 78313.331 Thread 0x000001c2a10fc240 Thread added: 0x000001c2a7b72200


Dynamic libraries:
0x00007ff670800000 - 0x00007ff67080e000 	C:\Program Files\BlueJ\jdk\bin\java.exe
0x00007ffb64c00000 - 0x00007ffb64e67000 	C:\WINDOWS\SYSTEM32\ntdll.dll
0x00007ffb63bb0000 - 0x00007ffb63c79000 	C:\WINDOWS\System32\KERNEL32.DLL
0x00007ffb623e0000 - 0x00007ffb627d0000 	C:\WINDOWS\System32\KERNELBASE.dll
0x00007ffb61d30000 - 0x00007ffb61e7b000 	C:\WINDOWS\System32\ucrtbase.dll
0x00007ffb03bf0000 - 0x00007ffb03c0b000 	C:\Program Files\BlueJ\jdk\bin\VCRUNTIME140.dll
0x00007ffb03c40000 - 0x00007ffb03c58000 	C:\Program Files\BlueJ\jdk\bin\jli.dll
0x00007ffb63e40000 - 0x00007ffb64005000 	C:\WINDOWS\System32\USER32.dll
0x00007ffb62960000 - 0x00007ffb62987000 	C:\WINDOWS\System32\win32u.dll
0x00007ffb63c80000 - 0x00007ffb63cab000 	C:\WINDOWS\System32\GDI32.dll
0x00007ffb442c0000 - 0x00007ffb4455a000 	C:\WINDOWS\WinSxS\amd64_microsoft.windows.common-controls_6595b64144ccf1df_6.0.26100.4768_none_3e0c112ce331287c\COMCTL32.dll
0x00007ffb61e80000 - 0x00007ffb61fb8000 	C:\WINDOWS\System32\gdi32full.dll
0x00007ffb643e0000 - 0x00007ffb64489000 	C:\WINDOWS\System32\msvcrt.dll
0x00007ffb61fc0000 - 0x00007ffb62063000 	C:\WINDOWS\System32\msvcp_win.dll
0x00007ffb641f0000 - 0x00007ffb6421f000 	C:\WINDOWS\System32\IMM32.DLL
0x00007ffb22640000 - 0x00007ffb2264c000 	C:\Program Files\BlueJ\jdk\bin\vcruntime140_1.dll
0x00007ffaddd70000 - 0x00007ffadddfe000 	C:\Program Files\BlueJ\jdk\bin\msvcp140.dll
0x00007ffa83050000 - 0x00007ffa83dd8000 	C:\Program Files\BlueJ\jdk\bin\server\jvm.dll
0x00007ffb64130000 - 0x00007ffb641e4000 	C:\WINDOWS\System32\ADVAPI32.dll
0x00007ffb64b00000 - 0x00007ffb64ba6000 	C:\WINDOWS\System32\sechost.dll
0x00007ffb64010000 - 0x00007ffb64128000 	C:\WINDOWS\System32\RPCRT4.dll
0x00007ffb638b0000 - 0x00007ffb63924000 	C:\WINDOWS\System32\WS2_32.dll
0x00007ffb61930000 - 0x00007ffb6198e000 	C:\WINDOWS\SYSTEM32\POWRPROF.dll
0x00007ffb531e0000 - 0x00007ffb53215000 	C:\WINDOWS\SYSTEM32\WINMM.dll
0x00007ffb5ac80000 - 0x00007ffb5ac8b000 	C:\WINDOWS\SYSTEM32\VERSION.dll
0x00007ffb61750000 - 0x00007ffb61764000 	C:\WINDOWS\SYSTEM32\UMPDC.dll
0x00007ffb60ab0000 - 0x00007ffb60acb000 	C:\WINDOWS\SYSTEM32\kernel.appcore.dll
0x00007ffb03c30000 - 0x00007ffb03c3a000 	C:\Program Files\BlueJ\jdk\bin\jimage.dll
0x00007ffb5edb0000 - 0x00007ffb5eff1000 	C:\WINDOWS\SYSTEM32\DBGHELP.DLL
0x00007ffb64680000 - 0x00007ffb64a05000 	C:\WINDOWS\System32\combase.dll
0x00007ffb63a90000 - 0x00007ffb63b70000 	C:\WINDOWS\System32\OLEAUT32.dll
0x00007ffb3ff70000 - 0x00007ffb3ffb3000 	C:\WINDOWS\SYSTEM32\dbgcore.DLL
0x00007ffb62340000 - 0x00007ffb623d9000 	C:\WINDOWS\System32\bcryptPrimitives.dll
0x00007ffacf380000 - 0x00007ffacf3bc000 	C:\Program Files\BlueJ\jdk\bin\jdwp.dll
0x00007ffafffb0000 - 0x00007ffafffcf000 	C:\Program Files\BlueJ\jdk\bin\java.dll
0x00007ffb63160000 - 0x00007ffb638ad000 	C:\WINDOWS\System32\SHELL32.dll
0x00007ffb621c0000 - 0x00007ffb62333000 	C:\WINDOWS\System32\wintypes.dll
0x00007ffb5f930000 - 0x00007ffb60190000 	C:\WINDOWS\SYSTEM32\windows.storage.dll
0x00007ffb63990000 - 0x00007ffb63a85000 	C:\WINDOWS\System32\SHCORE.dll
0x00007ffb62990000 - 0x00007ffb629fa000 	C:\WINDOWS\System32\shlwapi.dll
0x00007ffb61c50000 - 0x00007ffb61c79000 	C:\WINDOWS\SYSTEM32\profapi.dll
0x00007ffacf600000 - 0x00007ffacf6d7000 	C:\Program Files\BlueJ\jdk\bin\jsvml.dll
0x00007ffaed330000 - 0x00007ffaed33b000 	C:\Program Files\BlueJ\jdk\bin\dt_shmem.dll
0x00007ffb037d0000 - 0x00007ffb037e0000 	C:\Program Files\BlueJ\jdk\bin\net.dll
0x00007ffb58730000 - 0x00007ffb5884e000 	C:\WINDOWS\SYSTEM32\WINHTTP.dll
0x00007ffb61040000 - 0x00007ffb610ab000 	C:\WINDOWS\system32\mswsock.dll
0x00007ffaff090000 - 0x00007ffaff0a6000 	C:\Program Files\BlueJ\jdk\bin\nio.dll
0x00007ffafd700000 - 0x00007ffafd718000 	C:\Program Files\BlueJ\jdk\bin\zip.dll
0x00007ffa87ba0000 - 0x00007ffa87d2e000 	C:\Program Files\BlueJ\jdk\bin\awt.dll
0x00007ffb5def0000 - 0x00007ffb5df8e000 	C:\WINDOWS\SYSTEM32\apphelp.dll
0x00007ffb5e010000 - 0x00007ffb5e0bf000 	C:\WINDOWS\system32\uxtheme.dll
0x00007ffb62ad0000 - 0x00007ffb62c31000 	C:\WINDOWS\System32\MSCTF.dll
0x00007ffb64230000 - 0x00007ffb643d0000 	C:\WINDOWS\System32\ole32.dll
0x00007ffb5f250000 - 0x00007ffb5f285000 	C:\WINDOWS\system32\DWMAPI.DLL
0x00007ffae9360000 - 0x00007ffae9478000 	C:\WINDOWS\system32\opengl32.dll
0x00007ffaefb10000 - 0x00007ffaefb3d000 	C:\WINDOWS\SYSTEM32\GLU32.dll
0x00007ffb5e110000 - 0x00007ffb5e15d000 	C:\WINDOWS\SYSTEM32\dxcore.dll
0x00007ffb61370000 - 0x00007ffb61383000 	C:\WINDOWS\SYSTEM32\msasn1.dll
0x00007ffb5ab20000 - 0x00007ffb5ab5b000 	C:\WINDOWS\SYSTEM32\cryptnet.dll
0x00007ffb627e0000 - 0x00007ffb62957000 	C:\WINDOWS\System32\CRYPT32.dll
0x00007ffb61320000 - 0x00007ffb6132c000 	C:\WINDOWS\SYSTEM32\cryptbase.dll
0x00007ffb61450000 - 0x00007ffb614bb000 	C:\WINDOWS\SYSTEM32\wldp.dll
0x00007ffb5a960000 - 0x00007ffb5aadc000 	C:\WINDOWS\SYSTEM32\drvstore.dll
0x00007ffb619a0000 - 0x00007ffb619cd000 	C:\WINDOWS\SYSTEM32\devobj.dll
0x00007ffb619d0000 - 0x00007ffb61a27000 	C:\WINDOWS\SYSTEM32\cfgmgr32.dll
0x00007ffb62070000 - 0x00007ffb620f4000 	C:\WINDOWS\System32\wintrust.dll
0x00007ffb63b80000 - 0x00007ffb63ba0000 	C:\WINDOWS\System32\imagehlp.dll
0x00007ffb61300000 - 0x00007ffb6131b000 	C:\WINDOWS\SYSTEM32\CRYPTSP.dll
0x00007ffb60a10000 - 0x00007ffb60a4b000 	C:\WINDOWS\system32\rsaenh.dll
0x00007ffb61c20000 - 0x00007ffb61c46000 	C:\WINDOWS\SYSTEM32\bcrypt.dll
0x00007ffb329d0000 - 0x00007ffb32b17000 	C:\WINDOWS\system32\nvspcap64.dll
0x00007ffb60be0000 - 0x00007ffb60c16000 	C:\WINDOWS\SYSTEM32\ntmarta.dll
0x00007ffb610b0000 - 0x00007ffb610d7000 	C:\WINDOWS\SYSTEM32\gpapi.dll
0x00007ffb2cee0000 - 0x00007ffb2d097000 	C:\WINDOWS\System32\DriverStore\FileRepository\nv_dispi.inf_amd64_7621da800da0efae\nvppex.dll

dbghelp: loaded successfully - version: 4.0.5 - missing functions: none
symbol engine: initialized successfully - sym options: 0x614 - pdb path: .;C:\Program Files\BlueJ\jdk\bin;C:\WINDOWS\SYSTEM32;C:\WINDOWS\WinSxS\amd64_microsoft.windows.common-controls_6595b64144ccf1df_6.0.26100.4768_none_3e0c112ce331287c;C:\Program Files\BlueJ\jdk\bin\server;C:\WINDOWS\System32\DriverStore\FileRepository\nv_dispi.inf_amd64_7621da800da0efae

VM Arguments:
jvm_args: -ea -agentlib:jdwp=transport=dt_shmem,address=javadebug -Dfile.encoding=UTF-8 
java_command: bluej.runtime.ExecServer UTF-8
java_class_path (initial): C:\Program Files\BlueJ\lib\bluejcore.jar;C:\Program Files\BlueJ\lib\javafx-base-21.0.3-win.jar;C:\Program Files\BlueJ\lib\javafx-controls-21.0.3-win.jar;C:\Program Files\BlueJ\lib\javafx-fxml-21.0.3-win.jar;C:\Program Files\BlueJ\lib\javafx-graphics-21.0.3-win.jar;C:\Program Files\BlueJ\lib\javafx-media-21.0.3-win.jar;C:\Program Files\BlueJ\lib\javafx-swing-21.0.3-win.jar;C:\Program Files\BlueJ\lib\javafx-web-21.0.3-win.jar;C:\Program Files\BlueJ\lib\junit-4.12.jar;C:\Program Files\BlueJ\lib\junit-jupiter-5.5.2.jar;C:\Program Files\BlueJ\lib\junit-jupiter-api-5.5.2.jar;C:\Program Files\BlueJ\lib\junit-jupiter-engine-5.5.2.jar;C:\Program Files\BlueJ\lib\junit-jupiter-params-5.5.2.jar;C:\Program Files\BlueJ\lib\junit-platform-commons-1.5.2.jar;C:\Program Files\BlueJ\lib\junit-platform-engine-1.5.2.jar;C:\Program Files\BlueJ\lib\junit-platform-launcher-1.5.2.jar;C:\Program Files\BlueJ\lib\junit-platform-suite-api-1.5.2.jar;C:\Program Files\BlueJ\lib\junit-vintage-engine-5.5.2.jar;C:\Program Files\BlueJ\lib\hamcrest-core-1.3.jar;C:\Program Files\BlueJ\lib\opentest4j-1.2.0.jar;C:\Program Files\BlueJ\lib\lang-stride.jar;C:\Program Files\BlueJ\lib\javafx\javafx.base.jar;C:\Program Files\BlueJ\lib\javafx\javafx.controls.jar;C:\Program Files\BlueJ\lib\javafx\javafx.fxml.jar;C:\Program Files\BlueJ\lib\javafx\javafx.graphics.jar;C:\Program Files\BlueJ\lib\javafx\javafx.media.jar;C:\Program Files\BlueJ\lib\javafx\javafx.properties.jar;C:\Program Files\BlueJ\lib\javafx\javafx.swing.jar;C:\Program Files\BlueJ\lib\javafx\javafx.web.jar;C:\Program Files\BlueJ\lib\userlib\huffman_toolkit.jar
Launcher Type: SUN_STANDARD

[Global flags]
     intx CICompilerCount                          = 12                                        {product} {ergonomic}
     uint ConcGCThreads                            = 3                                         {product} {ergonomic}
     uint G1ConcRefinementThreads                  = 13                                        {product} {ergonomic}
   size_t G1HeapRegionSize                         = 4194304                                   {product} {ergonomic}
    uintx GCDrainStackTargetSize                   = 64                                        {product} {ergonomic}
   size_t InitialHeapSize                          = 536870912                                 {product} {ergonomic}
   size_t MarkStackSize                            = 4194304                                   {product} {ergonomic}
   size_t MaxHeapSize                              = 8577351680                                {product} {ergonomic}
   size_t MaxNewSize                               = 5146411008                                {product} {ergonomic}
   size_t MinHeapDeltaBytes                        = 4194304                                   {product} {ergonomic}
   size_t MinHeapSize                              = 8388608                                   {product} {ergonomic}
    uintx NonNMethodCodeHeapSize                   = 7602480                                {pd product} {ergonomic}
    uintx NonProfiledCodeHeapSize                  = 122027880                              {pd product} {ergonomic}
    uintx ProfiledCodeHeapSize                     = 122027880                              {pd product} {ergonomic}
    uintx ReservedCodeCacheSize                    = 251658240                              {pd product} {ergonomic}
     bool SegmentedCodeCache                       = true                                      {product} {ergonomic}
   size_t SoftMaxHeapSize                          = 8577351680                             {manageable} {ergonomic}
     bool UseCompressedOops                        = true                           {product lp64_product} {ergonomic}
     bool UseG1GC                                  = true                                      {product} {ergonomic}
     bool UseLargePagesIndividualAllocation        = false                                  {pd product} {ergonomic}

Logging:
Log output configuration:
 #0: stdout all=warning uptime,level,tags foldmultilines=false
 #1: stderr all=off uptime,level,tags foldmultilines=false

Environment Variables:
PATH=C:\Program Files\Microsoft MPI\Bin\;C:\Program Files\Common Files\Oracle\Java\javapath;C:\Program Files (x86)\Common Files\Oracle\Java\java8path;C:\Program Files (x86)\Common Files\Oracle\Java\javapath;C:\WINDOWS\system32;C:\WINDOWS;C:\WINDOWS\System32\Wbem;C:\WINDOWS\System32\WindowsPowerShell\v1.0\;C:\WINDOWS\System32\OpenSSH\;C:\Program Files\NVIDIA Corporation\NVIDIA App\NvDLISR;C:\Program Files\playit_gg\bin\;C:\Program Files (x86)\NVIDIA Corporation\PhysX\Common;C:\Users\franc\AppData\Local\Programs\Python\Python313\Scripts\;C:\Users\franc\AppData\Local\Programs\Python\Python313\;C:\Users\franc\AppData\Local\Microsoft\WindowsApps;C:\Users\franc\AppData\Local\Programs\Microsoft VS Code\bin;C:\Users\franc\AppData\Roaming\Programs\Zero Install;C:\Users\franc\AppData\Local\GitHubDesktop\bin
USERNAME=franc
OS=Windows_NT
PROCESSOR_IDENTIFIER=AMD64 Family 23 Model 113 Stepping 0, AuthenticAMD
TMP=C:\Users\franc\AppData\Local\Temp
TEMP=C:\Users\franc\AppData\Local\Temp




Periodic native trim disabled

---------------  S Y S T E M  ---------------

OS:
 Windows 11 , 64 bit Build 26100 (10.0.26100.4768)
OS uptime: 5 days 7:09 hours
Hyper-V role detected

CPU: total 16 (initial active 16) (16 cores per cpu, 2 threads per core) family 23 model 113 stepping 0 microcode 0x8701021, cx8, cmov, fxsr, ht, mmx, 3dnowpref, sse, sse2, sse3, ssse3, sse4a, sse4.1, sse4.2, popcnt, lzcnt, tsc, tscinvbit, avx, avx2, aes, clmul, bmi1, bmi2, adx, sha, fma, vzeroupper, clflush, clflushopt, hv, rdtscp, rdpid, f16c
Processor Information for all 16 processors :
  Max Mhz: 3593, Current Mhz: 3593, Mhz Limit: 3593

Memory: 4k page, system-wide physical 32714M (16344M free)
TotalPageFile size 58759M (AvailPageFile size 11528M)
current process WorkingSet (physical memory assigned to process): 18M, peak: 57M
current process commit charge ("private bytes"): 625M, peak: 679M

vm_info: OpenJDK 64-Bit Server VM (21.0.4+7-LTS) for windows-amd64 JRE (21.0.4+7-LTS), built on 2024-07-16T00:00:00Z by "admin" with MS VC++ 17.7 (VS2022)

END.
